0 info it worked if it ends with ok
1 verbose cli [ 'C:\\Program Files\\nodejs\\node.exe',
1 verbose cli   'C:\\Program Files\\nodejs\\node_modules\\npm\\bin\\npm-cli.js',
1 verbose cli   'install',
1 verbose cli   '--save',
1 verbose cli   'bufferutil' ]
2 info using npm@3.10.3
3 info using node@v6.3.0
4 silly loadCurrentTree Starting
5 silly install loadCurrentTree
6 silly install readLocalPackageData
7 silly fetchPackageMetaData bufferutil
8 silly fetchNamedPackageData bufferutil
9 silly mapToRegistry name bufferutil
10 silly mapToRegistry using default registry
11 silly mapToRegistry registry https://registry.npmjs.org/
12 silly mapToRegistry data Result {
12 silly mapToRegistry   raw: 'bufferutil',
12 silly mapToRegistry   scope: null,
12 silly mapToRegistry   escapedName: 'bufferutil',
12 silly mapToRegistry   name: 'bufferutil',
12 silly mapToRegistry   rawSpec: '',
12 silly mapToRegistry   spec: 'latest',
12 silly mapToRegistry   type: 'tag' }
13 silly mapToRegistry uri https://registry.npmjs.org/bufferutil
14 verbose request uri https://registry.npmjs.org/bufferutil
15 verbose request no auth needed
16 info attempt registry request try #1 at 11:41:23 PM
17 verbose request id f2d5f00472518b5f
18 verbose etag "6CKCZ3GK2OCOMG5EA98XR44G4"
19 http request GET https://registry.npmjs.org/bufferutil
20 http 304 https://registry.npmjs.org/bufferutil
21 verbose headers { date: 'Sat, 10 Sep 2016 18:11:24 GMT',
21 verbose headers   via: '1.1 varnish',
21 verbose headers   'cache-control': 'max-age=300',
21 verbose headers   etag: '"6CKCZ3GK2OCOMG5EA98XR44G4"',
21 verbose headers   age: '26',
21 verbose headers   connection: 'keep-alive',
21 verbose headers   'x-served-by': 'cache-sin6921-SIN',
21 verbose headers   'x-cache': 'HIT',
21 verbose headers   'x-cache-hits': '1',
21 verbose headers   'x-timer': 'S1473531084.823315,VS0,VE0',
21 verbose headers   vary: 'Accept-Encoding' }
22 silly get cb [ 304,
22 silly get   { date: 'Sat, 10 Sep 2016 18:11:24 GMT',
22 silly get     via: '1.1 varnish',
22 silly get     'cache-control': 'max-age=300',
22 silly get     etag: '"6CKCZ3GK2OCOMG5EA98XR44G4"',
22 silly get     age: '26',
22 silly get     connection: 'keep-alive',
22 silly get     'x-served-by': 'cache-sin6921-SIN',
22 silly get     'x-cache': 'HIT',
22 silly get     'x-cache-hits': '1',
22 silly get     'x-timer': 'S1473531084.823315,VS0,VE0',
22 silly get     vary: 'Accept-Encoding' } ]
23 verbose etag https://registry.npmjs.org/bufferutil from cache
24 verbose get saving bufferutil to C:\Users\Md Adil\AppData\Roaming\npm-cache\registry.npmjs.org\bufferutil\.cache.json
25 verbose correctMkdir C:\Users\Md Adil\AppData\Roaming\npm-cache correctMkdir not in flight; initializing
26 silly install normalizeTree
27 silly loadCurrentTree Finishing
28 silly loadIdealTree Starting
29 silly install loadIdealTree
30 silly cloneCurrentTree Starting
31 silly install cloneCurrentTreeToIdealTree
32 silly cloneCurrentTree Finishing
33 silly loadShrinkwrap Starting
34 silly install loadShrinkwrap
35 silly loadShrinkwrap Finishing
36 silly loadAllDepsIntoIdealTree Starting
37 silly install loadAllDepsIntoIdealTree
38 silly resolveWithNewModule bufferutil@1.2.1 checking installable status
39 silly cache add args [ 'bufferutil', null ]
40 verbose cache add spec bufferutil
41 silly cache add parsed spec Result {
41 silly cache add   raw: 'bufferutil',
41 silly cache add   scope: null,
41 silly cache add   escapedName: 'bufferutil',
41 silly cache add   name: 'bufferutil',
41 silly cache add   rawSpec: '',
41 silly cache add   spec: 'latest',
41 silly cache add   type: 'tag' }
42 silly addNamed bufferutil@latest
43 verbose addNamed "latest" is being treated as a dist-tag for bufferutil
44 info addNameTag [ 'bufferutil', 'latest' ]
45 silly mapToRegistry name bufferutil
46 silly mapToRegistry using default registry
47 silly mapToRegistry registry https://registry.npmjs.org/
48 silly mapToRegistry data Result {
48 silly mapToRegistry   raw: 'bufferutil',
48 silly mapToRegistry   scope: null,
48 silly mapToRegistry   escapedName: 'bufferutil',
48 silly mapToRegistry   name: 'bufferutil',
48 silly mapToRegistry   rawSpec: '',
48 silly mapToRegistry   spec: 'latest',
48 silly mapToRegistry   type: 'tag' }
49 silly mapToRegistry uri https://registry.npmjs.org/bufferutil
50 verbose addNameTag registry:https://registry.npmjs.org/bufferutil not in flight; fetching
51 verbose get https://registry.npmjs.org/bufferutil not expired, no request
52 silly addNameTag next cb for bufferutil with tag latest
53 silly addNamed bufferutil@1.2.1
54 verbose addNamed "1.2.1" is a plain semver version for bufferutil
55 silly cache afterAdd bufferutil@1.2.1
56 verbose afterAdd C:\Users\Md Adil\AppData\Roaming\npm-cache\bufferutil\1.2.1\package\package.json not in flight; writing
57 verbose correctMkdir C:\Users\Md Adil\AppData\Roaming\npm-cache correctMkdir not in flight; initializing
58 verbose afterAdd C:\Users\Md Adil\AppData\Roaming\npm-cache\bufferutil\1.2.1\package\package.json written
59 silly fetchNamedPackageData bindings
60 silly mapToRegistry name bindings
61 silly mapToRegistry using default registry
62 silly mapToRegistry registry https://registry.npmjs.org/
63 silly mapToRegistry data Result {
63 silly mapToRegistry   raw: 'bindings',
63 silly mapToRegistry   scope: null,
63 silly mapToRegistry   escapedName: 'bindings',
63 silly mapToRegistry   name: 'bindings',
63 silly mapToRegistry   rawSpec: '',
63 silly mapToRegistry   spec: 'latest',
63 silly mapToRegistry   type: 'tag' }
64 silly mapToRegistry uri https://registry.npmjs.org/bindings
65 verbose request uri https://registry.npmjs.org/bindings
66 verbose request no auth needed
67 info attempt registry request try #1 at 11:41:24 PM
68 verbose etag "33TX4J3DNTGF7K41ZUV6OA182"
69 http request GET https://registry.npmjs.org/bindings
70 http 304 https://registry.npmjs.org/bindings
71 verbose headers { date: 'Sat, 10 Sep 2016 18:11:25 GMT',
71 verbose headers   via: '1.1 varnish',
71 verbose headers   'cache-control': 'max-age=300',
71 verbose headers   etag: '"33TX4J3DNTGF7K41ZUV6OA182"',
71 verbose headers   age: '228',
71 verbose headers   connection: 'keep-alive',
71 verbose headers   'x-served-by': 'cache-sin6921-SIN',
71 verbose headers   'x-cache': 'HIT',
71 verbose headers   'x-cache-hits': '4',
71 verbose headers   'x-timer': 'S1473531085.680574,VS0,VE0',
71 verbose headers   vary: 'Accept-Encoding' }
72 silly get cb [ 304,
72 silly get   { date: 'Sat, 10 Sep 2016 18:11:25 GMT',
72 silly get     via: '1.1 varnish',
72 silly get     'cache-control': 'max-age=300',
72 silly get     etag: '"33TX4J3DNTGF7K41ZUV6OA182"',
72 silly get     age: '228',
72 silly get     connection: 'keep-alive',
72 silly get     'x-served-by': 'cache-sin6921-SIN',
72 silly get     'x-cache': 'HIT',
72 silly get     'x-cache-hits': '4',
72 silly get     'x-timer': 'S1473531085.680574,VS0,VE0',
72 silly get     vary: 'Accept-Encoding' } ]
73 verbose etag https://registry.npmjs.org/bindings from cache
74 verbose get saving bindings to C:\Users\Md Adil\AppData\Roaming\npm-cache\registry.npmjs.org\bindings\.cache.json
75 verbose correctMkdir C:\Users\Md Adil\AppData\Roaming\npm-cache correctMkdir not in flight; initializing
76 silly resolveWithNewModule bindings@1.2.1 checking installable status
77 silly cache add args [ 'bindings@1.2.x', null ]
78 verbose cache add spec bindings@1.2.x
79 silly cache add parsed spec Result {
79 silly cache add   raw: 'bindings@1.2.x',
79 silly cache add   scope: null,
79 silly cache add   escapedName: 'bindings',
79 silly cache add   name: 'bindings',
79 silly cache add   rawSpec: '1.2.x',
79 silly cache add   spec: '>=1.2.0 <1.3.0',
79 silly cache add   type: 'range' }
80 silly addNamed bindings@>=1.2.0 <1.3.0
81 verbose addNamed ">=1.2.0 <1.3.0" is a valid semver range for bindings
82 silly addNameRange { name: 'bindings', range: '>=1.2.0 <1.3.0', hasData: false }
83 silly mapToRegistry name bindings
84 silly mapToRegistry using default registry
85 silly mapToRegistry registry https://registry.npmjs.org/
86 silly mapToRegistry data Result {
86 silly mapToRegistry   raw: 'bindings',
86 silly mapToRegistry   scope: null,
86 silly mapToRegistry   escapedName: 'bindings',
86 silly mapToRegistry   name: 'bindings',
86 silly mapToRegistry   rawSpec: '',
86 silly mapToRegistry   spec: 'latest',
86 silly mapToRegistry   type: 'tag' }
87 silly mapToRegistry uri https://registry.npmjs.org/bindings
88 verbose addNameRange registry:https://registry.npmjs.org/bindings not in flight; fetching
89 verbose get https://registry.npmjs.org/bindings not expired, no request
90 silly addNameRange number 2 { name: 'bindings', range: '>=1.2.0 <1.3.0', hasData: true }
91 silly addNameRange versions [ 'bindings',
91 silly addNameRange   [ '0.0.1',
91 silly addNameRange     '0.1.0',
91 silly addNameRange     '0.1.1',
91 silly addNameRange     '0.2.0',
91 silly addNameRange     '0.2.1',
91 silly addNameRange     '0.2.2',
91 silly addNameRange     '0.2.3',
91 silly addNameRange     '0.2.4',
91 silly addNameRange     '0.3.0',
91 silly addNameRange     '0.4.0',
91 silly addNameRange     '1.0.0',
91 silly addNameRange     '1.1.0',
91 silly addNameRange     '1.1.1',
91 silly addNameRange     '1.2.0',
91 silly addNameRange     '1.2.1' ] ]
92 silly addNamed bindings@1.2.1
93 verbose addNamed "1.2.1" is a plain semver version for bindings
94 silly cache afterAdd bindings@1.2.1
95 verbose afterAdd C:\Users\Md Adil\AppData\Roaming\npm-cache\bindings\1.2.1\package\package.json not in flight; writing
96 verbose correctMkdir C:\Users\Md Adil\AppData\Roaming\npm-cache correctMkdir not in flight; initializing
97 verbose afterAdd C:\Users\Md Adil\AppData\Roaming\npm-cache\bindings\1.2.1\package\package.json written
98 silly fetchNamedPackageData fsevents
99 silly mapToRegistry name fsevents
100 silly mapToRegistry using default registry
101 silly mapToRegistry registry https://registry.npmjs.org/
102 silly mapToRegistry data Result {
102 silly mapToRegistry   raw: 'fsevents',
102 silly mapToRegistry   scope: null,
102 silly mapToRegistry   escapedName: 'fsevents',
102 silly mapToRegistry   name: 'fsevents',
102 silly mapToRegistry   rawSpec: '',
102 silly mapToRegistry   spec: 'latest',
102 silly mapToRegistry   type: 'tag' }
103 silly mapToRegistry uri https://registry.npmjs.org/fsevents
104 verbose request uri https://registry.npmjs.org/fsevents
105 verbose request no auth needed
106 info attempt registry request try #1 at 11:41:25 PM
107 verbose etag "69O0UF1UA8LG7BQRJME2P5RBR"
108 http request GET https://registry.npmjs.org/fsevents
109 http 304 https://registry.npmjs.org/fsevents
110 verbose headers { date: 'Sat, 10 Sep 2016 18:11:26 GMT',
110 verbose headers   via: '1.1 varnish',
110 verbose headers   'cache-control': 'max-age=300',
110 verbose headers   etag: '"69O0UF1UA8LG7BQRJME2P5RBR"',
110 verbose headers   age: '245',
110 verbose headers   connection: 'keep-alive',
110 verbose headers   'x-served-by': 'cache-sin6921-SIN',
110 verbose headers   'x-cache': 'HIT',
110 verbose headers   'x-cache-hits': '34',
110 verbose headers   'x-timer': 'S1473531086.362558,VS0,VE0',
110 verbose headers   vary: 'Accept-Encoding' }
111 silly get cb [ 304,
111 silly get   { date: 'Sat, 10 Sep 2016 18:11:26 GMT',
111 silly get     via: '1.1 varnish',
111 silly get     'cache-control': 'max-age=300',
111 silly get     etag: '"69O0UF1UA8LG7BQRJME2P5RBR"',
111 silly get     age: '245',
111 silly get     connection: 'keep-alive',
111 silly get     'x-served-by': 'cache-sin6921-SIN',
111 silly get     'x-cache': 'HIT',
111 silly get     'x-cache-hits': '34',
111 silly get     'x-timer': 'S1473531086.362558,VS0,VE0',
111 silly get     vary: 'Accept-Encoding' } ]
112 verbose etag https://registry.npmjs.org/fsevents from cache
113 verbose get saving fsevents to C:\Users\Md Adil\AppData\Roaming\npm-cache\registry.npmjs.org\fsevents\.cache.json
114 verbose correctMkdir C:\Users\Md Adil\AppData\Roaming\npm-cache correctMkdir not in flight; initializing
115 silly resolveWithNewModule fsevents@1.0.14 checking installable status
116 silly loadAllDepsIntoIdealTree Finishing
117 silly loadIdealTree Finishing
118 silly currentTree chess@1.0.0
118 silly currentTree +-- abbrev@1.0.9
118 silly currentTree +-- accepts@1.1.4
118 silly currentTree +-- accord@0.23.0
118 silly currentTree | +-- glob@7.0.3
118 silly currentTree | `-- lodash@4.11.2
118 silly currentTree +-- acorn@1.2.2
118 silly currentTree +-- after@0.8.1
118 silly currentTree +-- align-text@0.1.4
118 silly currentTree +-- amdefine@1.0.0
118 silly currentTree +-- ansi-regex@2.0.0
118 silly currentTree +-- ansi-styles@2.2.1
118 silly currentTree +-- ansicolors@0.2.1
118 silly currentTree +-- anymatch@1.3.0
118 silly currentTree +-- aproba@1.0.4
118 silly currentTree +-- archy@1.0.0
118 silly currentTree +-- are-we-there-yet@1.1.2
118 silly currentTree +-- arr-diff@2.0.0
118 silly currentTree +-- arr-flatten@1.0.1
118 silly currentTree +-- array-differ@1.0.0
118 silly currentTree +-- array-filter@0.0.1
118 silly currentTree +-- array-find-index@1.0.1
118 silly currentTree +-- array-flatten@1.1.1
118 silly currentTree +-- array-index@1.0.0
118 silly currentTree +-- array-map@0.0.0
118 silly currentTree +-- array-reduce@0.0.0
118 silly currentTree +-- array-union@1.0.2
118 silly currentTree +-- array-uniq@1.0.3
118 silly currentTree +-- array-unique@0.2.1
118 silly currentTree +-- arraybuffer.slice@0.0.6
118 silly currentTree +-- arrify@1.0.1
118 silly currentTree +-- asap@2.0.4
118 silly currentTree +-- asn1.js@4.8.0
118 silly currentTree +-- asn1@0.2.3
118 silly currentTree +-- assert-plus@0.2.0
118 silly currentTree +-- assert@1.3.0
118 silly currentTree +-- assertion-error@1.0.2
118 silly currentTree +-- astw@2.0.0
118 silly currentTree +-- async-done@1.2.2
118 silly currentTree +-- async-each@1.0.1
118 silly currentTree +-- async-foreach@0.1.3
118 silly currentTree +-- async@1.5.2
118 silly currentTree +-- autoprefixer@6.4.1
118 silly currentTree +-- aws-sign2@0.6.0
118 silly currentTree +-- aws4@1.4.1
118 silly currentTree +-- babel-code-frame@6.11.0
118 silly currentTree +-- babel-core@6.14.0
118 silly currentTree | +-- path-exists@1.0.0
118 silly currentTree | `-- source-map@0.5.6
118 silly currentTree +-- babel-generator@6.14.0
118 silly currentTree | `-- source-map@0.5.6
118 silly currentTree +-- babel-helper-builder-react-jsx@6.9.0
118 silly currentTree +-- babel-helper-call-delegate@6.8.0
118 silly currentTree +-- babel-helper-define-map@6.9.0
118 silly currentTree +-- babel-helper-function-name@6.8.0
118 silly currentTree +-- babel-helper-get-function-arity@6.8.0
118 silly currentTree +-- babel-helper-hoist-variables@6.8.0
118 silly currentTree +-- babel-helper-optimise-call-expression@6.8.0
118 silly currentTree +-- babel-helper-regex@6.9.0
118 silly currentTree +-- babel-helper-replace-supers@6.14.0
118 silly currentTree +-- babel-helpers@6.8.0
118 silly currentTree +-- babel-messages@6.8.0
118 silly currentTree +-- babel-plugin-check-es2015-constants@6.8.0
118 silly currentTree +-- babel-plugin-syntax-async-functions@6.13.0
118 silly currentTree +-- babel-plugin-syntax-flow@6.13.0
118 silly currentTree +-- babel-plugin-syntax-jsx@6.13.0
118 silly currentTree +-- babel-plugin-transform-es2015-arrow-functions@6.8.0
118 silly currentTree +-- babel-plugin-transform-es2015-block-scoped-functions@6.8.0
118 silly currentTree +-- babel-plugin-transform-es2015-block-scoping@6.15.0
118 silly currentTree +-- babel-plugin-transform-es2015-classes@6.14.0
118 silly currentTree +-- babel-plugin-transform-es2015-computed-properties@6.8.0
118 silly currentTree +-- babel-plugin-transform-es2015-destructuring@6.9.0
118 silly currentTree +-- babel-plugin-transform-es2015-duplicate-keys@6.8.0
118 silly currentTree +-- babel-plugin-transform-es2015-for-of@6.8.0
118 silly currentTree +-- babel-plugin-transform-es2015-function-name@6.9.0
118 silly currentTree +-- babel-plugin-transform-es2015-literals@6.8.0
118 silly currentTree +-- babel-plugin-transform-es2015-modules-amd@6.8.0
118 silly currentTree +-- babel-plugin-transform-es2015-modules-commonjs@6.14.0
118 silly currentTree +-- babel-plugin-transform-es2015-modules-systemjs@6.14.0
118 silly currentTree +-- babel-plugin-transform-es2015-modules-umd@6.12.0
118 silly currentTree +-- babel-plugin-transform-es2015-object-super@6.8.0
118 silly currentTree +-- babel-plugin-transform-es2015-parameters@6.11.4
118 silly currentTree +-- babel-plugin-transform-es2015-shorthand-properties@6.8.0
118 silly currentTree +-- babel-plugin-transform-es2015-spread@6.8.0
118 silly currentTree +-- babel-plugin-transform-es2015-sticky-regex@6.8.0
118 silly currentTree +-- babel-plugin-transform-es2015-template-literals@6.8.0
118 silly currentTree +-- babel-plugin-transform-es2015-typeof-symbol@6.8.0
118 silly currentTree +-- babel-plugin-transform-es2015-unicode-regex@6.11.0
118 silly currentTree +-- babel-plugin-transform-flow-strip-types@6.14.0
118 silly currentTree +-- babel-plugin-transform-react-display-name@6.8.0
118 silly currentTree +-- babel-plugin-transform-react-jsx-self@6.11.0
118 silly currentTree +-- babel-plugin-transform-react-jsx-source@6.9.0
118 silly currentTree +-- babel-plugin-transform-react-jsx@6.8.0
118 silly currentTree +-- babel-plugin-transform-regenerator@6.14.0
118 silly currentTree +-- babel-plugin-transform-strict-mode@6.11.3
118 silly currentTree +-- babel-preset-es2015@6.14.0
118 silly currentTree +-- babel-preset-react@6.11.1
118 silly currentTree +-- babel-register@6.14.0
118 silly currentTree | `-- path-exists@1.0.0
118 silly currentTree +-- babel-runtime@6.11.6
118 silly currentTree +-- babel-template@6.15.0
118 silly currentTree +-- babel-traverse@6.15.0
118 silly currentTree +-- babel-types@6.15.0
118 silly currentTree +-- babelify@7.3.0
118 silly currentTree +-- babylon@6.9.1
118 silly currentTree +-- backo2@1.0.2
118 silly currentTree +-- balanced-match@0.4.2
118 silly currentTree +-- base64-arraybuffer@0.1.2
118 silly currentTree +-- base64-js@1.1.2
118 silly currentTree +-- base64id@0.1.0
118 silly currentTree +-- beeper@1.1.0
118 silly currentTree +-- benchmark@1.0.0
118 silly currentTree +-- better-assert@1.0.2
118 silly currentTree +-- binary-extensions@1.6.0
118 silly currentTree +-- bl@1.1.2
118 silly currentTree +-- blob@0.0.4
118 silly currentTree +-- block-stream@0.0.9
118 silly currentTree +-- bn.js@4.11.6
118 silly currentTree +-- boom@2.10.1
118 silly currentTree +-- bootstrap-material-design@0.5.10
118 silly currentTree +-- bootstrap-sass@3.3.7
118 silly currentTree +-- bootstrap@3.3.7
118 silly currentTree +-- brace-expansion@1.1.6
118 silly currentTree +-- braces@1.8.5
118 silly currentTree +-- brorand@1.0.5
118 silly currentTree +-- browser-pack@6.0.1
118 silly currentTree +-- browser-resolve@1.11.2
118 silly currentTree +-- browser-stdout@1.3.0
118 silly currentTree +-- browserify-aes@1.0.6
118 silly currentTree +-- browserify-cipher@1.0.0
118 silly currentTree +-- browserify-des@1.0.0
118 silly currentTree +-- browserify-rsa@4.0.1
118 silly currentTree +-- browserify-sign@4.0.0
118 silly currentTree +-- browserify-zlib@0.1.4
118 silly currentTree +-- browserify@13.1.0
118 silly currentTree | +-- duplexer2@0.1.4
118 silly currentTree | `-- glob@5.0.15
118 silly currentTree +-- browserslist@1.3.6
118 silly currentTree +-- buffer-shims@1.0.0
118 silly currentTree +-- buffer-xor@1.0.3
118 silly currentTree +-- buffer@4.9.1
118 silly currentTree | `-- isarray@1.0.0
118 silly currentTree +-- builtin-modules@1.1.1
118 silly currentTree +-- builtin-status-codes@2.0.0
118 silly currentTree +-- callsite@1.0.0
118 silly currentTree +-- camelcase-keys@2.1.0
118 silly currentTree +-- camelcase@2.1.1
118 silly currentTree +-- caniuse-db@1.0.30000528
118 silly currentTree +-- cardinal@1.0.0
118 silly currentTree +-- caseless@0.11.0
118 silly currentTree +-- center-align@0.1.3
118 silly currentTree +-- chai@3.5.0
118 silly currentTree +-- chalk@1.1.3
118 silly currentTree +-- chess.js@0.10.2
118 silly currentTree +-- chessboardjs@0.0.1
118 silly currentTree +-- chokidar@1.6.0
118 silly currentTree +-- cipher-base@1.0.2
118 silly currentTree +-- clean-css@3.4.19
118 silly currentTree | `-- commander@2.8.1
118 silly currentTree +-- cli-table@0.3.1
118 silly currentTree +-- cli-usage@0.1.3
118 silly currentTree +-- cliui@2.1.0
118 silly currentTree +-- clone-stats@0.0.1
118 silly currentTree +-- clone@1.0.2
118 silly currentTree +-- code-point-at@1.0.0
118 silly currentTree +-- colors@1.0.3
118 silly currentTree +-- combine-source-map@0.7.2
118 silly currentTree | +-- convert-source-map@1.1.3
118 silly currentTree | `-- source-map@0.5.6
118 silly currentTree +-- combined-stream@1.0.5
118 silly currentTree +-- commander@2.9.0
118 silly currentTree +-- component-bind@1.0.0
118 silly currentTree +-- component-emitter@1.1.2
118 silly currentTree +-- component-inherit@0.0.3
118 silly currentTree +-- concat-map@0.0.1
118 silly currentTree +-- concat-stream@1.5.2
118 silly currentTree +-- concat-with-sourcemaps@1.0.4
118 silly currentTree | `-- source-map@0.5.6
118 silly currentTree +-- console-browserify@1.1.0
118 silly currentTree +-- console-control-strings@1.1.0
118 silly currentTree +-- constants-browserify@1.0.0
118 silly currentTree +-- content-disposition@0.5.1
118 silly currentTree +-- content-type@1.0.2
118 silly currentTree +-- convert-source-map@1.3.0
118 silly currentTree +-- cookie-signature@1.0.6
118 silly currentTree +-- cookie@0.3.1
118 silly currentTree +-- core-js@2.4.1
118 silly currentTree +-- core-util-is@1.0.2
118 silly currentTree +-- create-ecdh@4.0.0
118 silly currentTree +-- create-hash@1.1.2
118 silly currentTree +-- create-hmac@1.1.4
118 silly currentTree +-- cross-spawn@3.0.1
118 silly currentTree +-- cryptiles@2.0.5
118 silly currentTree +-- crypto-browserify@3.11.0
118 silly currentTree +-- currently-unhandled@0.4.1
118 silly currentTree +-- d@0.1.1
118 silly currentTree +-- dashdash@1.14.0
118 silly currentTree | `-- assert-plus@1.0.0
118 silly currentTree +-- date-now@0.1.4
118 silly currentTree +-- dateformat@1.0.12
118 silly currentTree +-- deamdify@0.2.0
118 silly currentTree +-- deap@1.0.0
118 silly currentTree +-- debug@2.2.0
118 silly currentTree +-- decamelize@1.2.0
118 silly currentTree +-- deep-eql@0.1.3
118 silly currentTree | `-- type-detect@0.1.1
118 silly currentTree +-- deep-is@0.1.3
118 silly currentTree +-- defaults@1.0.3
118 silly currentTree +-- defined@1.0.0
118 silly currentTree +-- del@2.2.2
118 silly currentTree +-- delayed-stream@1.0.0
118 silly currentTree +-- delegates@1.0.0
118 silly currentTree +-- depd@1.1.0
118 silly currentTree +-- deprecated@0.0.1
118 silly currentTree +-- deps-sort@2.0.0
118 silly currentTree +-- des.js@1.0.0
118 silly currentTree +-- destroy@1.0.4
118 silly currentTree +-- detect-file@0.1.0
118 silly currentTree +-- detect-indent@3.0.1
118 silly currentTree | `-- repeating@1.1.3
118 silly currentTree +-- detective@4.3.1
118 silly currentTree +-- diff@1.4.0
118 silly currentTree +-- diffie-hellman@5.0.2
118 silly currentTree +-- domain-browser@1.1.7
118 silly currentTree +-- duplexer2@0.0.2
118 silly currentTree | `-- readable-stream@1.1.14
118 silly currentTree +-- duplexify@3.4.5
118 silly currentTree | +-- end-of-stream@1.0.0
118 silly currentTree | `-- once@1.3.3
118 silly currentTree +-- ecc-jsbn@0.1.1
118 silly currentTree +-- ee-first@1.1.1
118 silly currentTree +-- elliptic@6.3.1
118 silly currentTree +-- encodeurl@1.0.1
118 silly currentTree +-- end-of-stream@1.1.0
118 silly currentTree | `-- once@1.3.3
118 silly currentTree +-- engine.io-client@1.6.11
118 silly currentTree | `-- ws@1.0.1
118 silly currentTree +-- engine.io-parser@1.2.4
118 silly currentTree | `-- has-binary@0.1.6
118 silly currentTree +-- engine.io@1.6.11
118 silly currentTree +-- errno@0.1.4
118 silly currentTree +-- error-ex@1.3.0
118 silly currentTree +-- es5-ext@0.10.12
118 silly currentTree +-- es6-iterator@2.0.0
118 silly currentTree +-- es6-symbol@3.1.0
118 silly currentTree +-- escape-html@1.0.3
118 silly currentTree +-- escape-string-regexp@1.0.5
118 silly currentTree +-- escodegen@1.8.1
118 silly currentTree | +-- estraverse@1.9.3
118 silly currentTree | `-- source-map@0.2.0
118 silly currentTree +-- esprima@2.7.3
118 silly currentTree +-- estraverse@3.1.0
118 silly currentTree +-- esutils@2.0.2
118 silly currentTree +-- etag@1.7.0
118 silly currentTree +-- events@1.1.1
118 silly currentTree +-- evp_bytestokey@1.0.0
118 silly currentTree +-- expand-brackets@0.1.5
118 silly currentTree +-- expand-range@1.8.2
118 silly currentTree +-- expand-tilde@1.2.2
118 silly currentTree +-- express@4.14.0
118 silly currentTree | +-- accepts@1.3.3
118 silly currentTree | +-- mime-db@1.23.0
118 silly currentTree | +-- mime-types@2.1.11
118 silly currentTree | `-- negotiator@0.6.1
118 silly currentTree +-- extend@3.0.0
118 silly currentTree +-- extglob@0.3.2
118 silly currentTree +-- extsprintf@1.0.2
118 silly currentTree +-- fancy-log@1.2.0
118 silly currentTree +-- fast-levenshtein@1.1.4
118 silly currentTree +-- filename-regex@2.0.0
118 silly currentTree +-- fill-range@2.2.3
118 silly currentTree +-- finalhandler@0.5.0
118 silly currentTree +-- find-index@0.1.1
118 silly currentTree +-- find-up@1.1.2
118 silly currentTree +-- findup-sync@0.4.2
118 silly currentTree +-- fined@1.0.1
118 silly currentTree | `-- lodash.isarray@4.0.0
118 silly currentTree +-- first-chunk-stream@1.0.0
118 silly currentTree +-- flagged-respawn@0.3.2
118 silly currentTree +-- fobject@0.0.4
118 silly currentTree +-- for-in@0.1.5
118 silly currentTree +-- for-own@0.1.4
118 silly currentTree +-- forever-agent@0.6.1
118 silly currentTree +-- fork-stream@0.0.4
118 silly currentTree +-- form-data@1.0.0-rc4
118 silly currentTree | +-- mime-db@1.23.0
118 silly currentTree | `-- mime-types@2.1.11
118 silly currentTree +-- forwarded@0.1.0
118 silly currentTree +-- fresh@0.3.0
118 silly currentTree +-- fs-exists-sync@0.1.0
118 silly currentTree +-- fs.realpath@1.0.0
118 silly currentTree +-- fstream@1.0.10
118 silly currentTree +-- function-bind@1.1.0
118 silly currentTree +-- gauge@2.6.0
118 silly currentTree +-- gaze@1.1.1
118 silly currentTree +-- generate-function@2.0.0
118 silly currentTree +-- generate-object-property@1.2.0
118 silly currentTree +-- get-caller-file@1.0.2
118 silly currentTree +-- get-stdin@4.0.1
118 silly currentTree +-- getpass@0.1.6
118 silly currentTree | `-- assert-plus@1.0.0
118 silly currentTree +-- glob-base@0.3.0
118 silly currentTree +-- glob-parent@2.0.0
118 silly currentTree +-- glob-stream@3.1.18
118 silly currentTree | +-- glob@4.5.3
118 silly currentTree | +-- minimatch@2.0.10
118 silly currentTree | +-- readable-stream@1.0.34
118 silly currentTree | `-- through2@0.6.5
118 silly currentTree +-- glob-watcher@0.0.6
118 silly currentTree | +-- gaze@0.5.2
118 silly currentTree | +-- glob@3.1.21
118 silly currentTree | +-- globule@0.1.0
118 silly currentTree | +-- graceful-fs@1.2.3
118 silly currentTree | +-- inherits@1.0.2
118 silly currentTree | +-- lodash@1.0.2
118 silly currentTree | +-- lru-cache@2.7.3
118 silly currentTree | `-- minimatch@0.2.14
118 silly currentTree +-- glob@7.0.6
118 silly currentTree +-- glob2base@0.0.12
118 silly currentTree +-- global-modules@0.2.3
118 silly currentTree +-- global-prefix@0.1.4
118 silly currentTree +-- globals@8.18.0
118 silly currentTree +-- globby@5.0.0
118 silly currentTree +-- globule@1.0.0
118 silly currentTree | `-- lodash@4.9.0
118 silly currentTree +-- glogg@1.0.0
118 silly currentTree +-- graceful-fs@4.1.6
118 silly currentTree +-- graceful-readlink@1.0.1
118 silly currentTree +-- growl@1.9.2
118 silly currentTree +-- growly@1.3.0
118 silly currentTree +-- gulp-autoprefixer@3.1.1
118 silly currentTree +-- gulp-batch@1.0.5
118 silly currentTree +-- gulp-concat@2.6.0
118 silly currentTree | +-- readable-stream@1.0.34
118 silly currentTree | `-- through2@0.6.5
118 silly currentTree +-- gulp-if@2.0.1
118 silly currentTree +-- gulp-less@3.1.0
118 silly currentTree +-- gulp-load-plugins@1.2.4
118 silly currentTree +-- gulp-match@1.0.2
118 silly currentTree +-- gulp-notify@2.2.0
118 silly currentTree | +-- readable-stream@1.0.34
118 silly currentTree | `-- through2@0.6.5
118 silly currentTree +-- gulp-rename@1.2.2
118 silly currentTree +-- gulp-rev-replace@0.4.3
118 silly currentTree +-- gulp-rev@7.1.2
118 silly currentTree +-- gulp-sass@2.3.2
118 silly currentTree | `-- lodash.clonedeep@4.5.0
118 silly currentTree +-- gulp-shell@0.5.2
118 silly currentTree +-- gulp-sourcemaps@1.6.0
118 silly currentTree | `-- vinyl@1.2.0
118 silly currentTree +-- gulp-uglify@1.5.4
118 silly currentTree | +-- async@0.2.10
118 silly currentTree | +-- source-map@0.5.6
118 silly currentTree | `-- uglify-js@2.6.4
118 silly currentTree +-- gulp-util@3.0.7
118 silly currentTree | `-- object-assign@3.0.0
118 silly currentTree +-- gulp@3.9.1
118 silly currentTree | `-- semver@4.3.6
118 silly currentTree +-- gulplog@1.0.0
118 silly currentTree +-- har-validator@2.0.6
118 silly currentTree +-- has-ansi@2.0.0
118 silly currentTree +-- has-binary@0.1.7
118 silly currentTree +-- has-color@0.1.7
118 silly currentTree +-- has-cors@1.1.0
118 silly currentTree +-- has-flag@1.0.0
118 silly currentTree +-- has-gulplog@0.1.0
118 silly currentTree +-- has-unicode@2.0.1
118 silly currentTree +-- has@1.0.1
118 silly currentTree +-- hash.js@1.0.3
118 silly currentTree +-- hawk@3.1.3
118 silly currentTree +-- hoek@2.16.3
118 silly currentTree +-- home-or-tmp@1.0.0
118 silly currentTree +-- hosted-git-info@2.1.5
118 silly currentTree +-- htmlescape@1.1.1
118 silly currentTree +-- http-errors@1.5.0
118 silly currentTree +-- http-signature@1.1.1
118 silly currentTree +-- https-browserify@0.0.1
118 silly currentTree +-- ieee754@1.1.6
118 silly currentTree +-- image-size@0.5.0
118 silly currentTree +-- in-publish@2.0.0
118 silly currentTree +-- indent-string@2.1.0
118 silly currentTree +-- indexof@0.0.1
118 silly currentTree +-- indx@0.2.3
118 silly currentTree +-- inflight@1.0.5
118 silly currentTree +-- inherits@2.0.1
118 silly currentTree +-- ini@1.3.4
118 silly currentTree +-- inline-source-map@0.6.2
118 silly currentTree | `-- source-map@0.5.6
118 silly currentTree +-- insert-module-globals@7.0.1
118 silly currentTree +-- interpret@1.0.1
118 silly currentTree +-- invariant@2.2.1
118 silly currentTree +-- invert-kv@1.0.0
118 silly currentTree +-- ipaddr.js@1.1.1
118 silly currentTree +-- is-absolute@0.2.5
118 silly currentTree | `-- is-windows@0.1.1
118 silly currentTree +-- is-arrayish@0.2.1
118 silly currentTree +-- is-binary-path@1.0.1
118 silly currentTree +-- is-buffer@1.1.4
118 silly currentTree +-- is-builtin-module@1.0.0
118 silly currentTree +-- is-dotfile@1.0.2
118 silly currentTree +-- is-equal-shallow@0.1.3
118 silly currentTree +-- is-extendable@0.1.1
118 silly currentTree +-- is-extglob@1.0.0
118 silly currentTree +-- is-finite@1.0.1
118 silly currentTree +-- is-fullwidth-code-point@1.0.0
118 silly currentTree +-- is-glob@2.0.1
118 silly currentTree +-- is-my-json-valid@2.13.1
118 silly currentTree +-- is-number@2.1.0
118 silly currentTree +-- is-path-cwd@1.0.0
118 silly currentTree +-- is-path-in-cwd@1.0.0
118 silly currentTree +-- is-path-inside@1.0.0
118 silly currentTree +-- is-plain-obj@1.1.0
118 silly currentTree +-- is-posix-bracket@0.1.1
118 silly currentTree +-- is-primitive@2.0.0
118 silly currentTree +-- is-property@1.0.2
118 silly currentTree +-- is-relative@0.2.1
118 silly currentTree +-- is-typedarray@1.0.0
118 silly currentTree +-- is-unc-path@0.1.1
118 silly currentTree +-- is-utf8@0.2.1
118 silly currentTree +-- is-windows@0.2.0
118 silly currentTree +-- is@3.1.0
118 silly currentTree +-- isarray@0.0.1
118 silly currentTree +-- isexe@1.1.2
118 silly currentTree +-- isobject@2.1.0
118 silly currentTree | `-- isarray@1.0.0
118 silly currentTree +-- isstream@0.1.2
118 silly currentTree +-- jodid25519@1.0.2
118 silly currentTree +-- jquery-ui-dist@1.12.0
118 silly currentTree +-- jquery.cookie@1.4.1
118 silly currentTree +-- jquery.scrollbar@0.2.10
118 silly currentTree +-- jquery@3.1.0
118 silly currentTree +-- js-base64@2.1.9
118 silly currentTree +-- js-tokens@2.0.0
118 silly currentTree +-- jsbn@0.1.0
118 silly currentTree +-- jsesc@0.5.0
118 silly currentTree +-- json-schema@0.2.2
118 silly currentTree +-- json-stable-stringify@0.0.1
118 silly currentTree +-- json-stringify-safe@5.0.1
118 silly currentTree +-- json3@3.2.6
118 silly currentTree +-- json5@0.4.0
118 silly currentTree +-- jsonify@0.0.0
118 silly currentTree +-- jsonparse@1.2.0
118 silly currentTree +-- jsonpointer@2.0.0
118 silly currentTree +-- JSONStream@1.1.4
118 silly currentTree +-- jsprim@1.3.0
118 silly currentTree +-- kind-of@3.0.4
118 silly currentTree +-- labeled-stream-splicer@2.0.0
118 silly currentTree +-- laravel-elixir-browserify-official@0.1.3
118 silly currentTree +-- laravel-elixir@6.0.0-10
118 silly currentTree +-- lazy-cache@1.0.4
118 silly currentTree +-- lcid@1.0.0
118 silly currentTree +-- less@2.7.1
118 silly currentTree | `-- source-map@0.5.6
118 silly currentTree +-- levn@0.3.0
118 silly currentTree +-- lexical-scope@1.2.0
118 silly currentTree +-- liftoff@2.3.0
118 silly currentTree +-- load-json-file@1.1.0
118 silly currentTree +-- lodash._arraycopy@3.0.0
118 silly currentTree +-- lodash._arrayeach@3.0.0
118 silly currentTree +-- lodash._baseassign@3.2.0
118 silly currentTree +-- lodash._baseclone@3.3.0
118 silly currentTree +-- lodash._basecopy@3.0.1
118 silly currentTree +-- lodash._basecreate@3.0.3
118 silly currentTree +-- lodash._basefor@3.0.3
118 silly currentTree +-- lodash._basetostring@3.0.1
118 silly currentTree +-- lodash._basevalues@3.0.0
118 silly currentTree +-- lodash._bindcallback@3.0.1
118 silly currentTree +-- lodash._getnative@3.9.1
118 silly currentTree +-- lodash._isiterateecall@3.0.9
118 silly currentTree +-- lodash._reescape@3.0.0
118 silly currentTree +-- lodash._reevaluate@3.0.0
118 silly currentTree +-- lodash._reinterpolate@3.0.0
118 silly currentTree +-- lodash._root@3.0.1
118 silly currentTree +-- lodash.assign@4.2.0
118 silly currentTree +-- lodash.assignwith@4.2.0
118 silly currentTree +-- lodash.clonedeep@3.0.2
118 silly currentTree +-- lodash.create@3.1.1
118 silly currentTree +-- lodash.escape@3.2.0
118 silly currentTree +-- lodash.isarguments@3.1.0
118 silly currentTree +-- lodash.isarray@3.0.4
118 silly currentTree +-- lodash.isempty@4.4.0
118 silly currentTree +-- lodash.isplainobject@4.0.6
118 silly currentTree +-- lodash.isstring@4.0.1
118 silly currentTree +-- lodash.keys@3.1.2
118 silly currentTree +-- lodash.mapvalues@4.6.0
118 silly currentTree +-- lodash.memoize@3.0.4
118 silly currentTree +-- lodash.pick@4.4.0
118 silly currentTree +-- lodash.restparam@3.6.1
118 silly currentTree +-- lodash.template@3.6.2
118 silly currentTree +-- lodash.templatesettings@3.1.1
118 silly currentTree +-- lodash@4.15.0
118 silly currentTree +-- longest@1.0.1
118 silly currentTree +-- loose-envify@1.2.0
118 silly currentTree | `-- js-tokens@1.0.3
118 silly currentTree +-- loud-rejection@1.6.0
118 silly currentTree +-- lru-cache@4.0.1
118 silly currentTree +-- map-cache@0.2.2
118 silly currentTree +-- map-obj@1.0.1
118 silly currentTree +-- marked-terminal@1.6.2
118 silly currentTree +-- marked@0.3.6
118 silly currentTree +-- media-typer@0.3.0
118 silly currentTree +-- meow@3.7.0
118 silly currentTree +-- merge-descriptors@1.0.1
118 silly currentTree +-- merge-stream@1.0.0
118 silly currentTree +-- methods@1.1.2
118 silly currentTree +-- micromatch@2.3.11
118 silly currentTree +-- miller-rabin@4.0.0
118 silly currentTree +-- mime-db@1.12.0
118 silly currentTree +-- mime-types@2.0.14
118 silly currentTree +-- mime@1.3.4
118 silly currentTree +-- minimalistic-assert@1.0.0
118 silly currentTree +-- minimatch@3.0.3
118 silly currentTree +-- minimist@1.2.0
118 silly currentTree +-- mkdirp@0.5.1
118 silly currentTree | `-- minimist@0.0.8
118 silly currentTree +-- mocha@3.0.2
118 silly currentTree | +-- glob@7.0.5
118 silly currentTree | +-- json3@3.3.2
118 silly currentTree | `-- supports-color@3.1.2
118 silly currentTree +-- modify-filename@1.1.0
118 silly currentTree +-- module-deps@4.0.7
118 silly currentTree | `-- duplexer2@0.1.4
118 silly currentTree +-- ms@0.7.1
118 silly currentTree +-- multipipe@0.1.2
118 silly currentTree +-- nan@2.4.0
118 silly currentTree +-- natives@1.1.0
118 silly currentTree +-- negotiator@0.4.9
118 silly currentTree +-- new-from@0.0.3
118 silly currentTree | `-- readable-stream@1.1.14
118 silly currentTree +-- next-tick@1.0.0
118 silly currentTree +-- node-emoji@1.4.0
118 silly currentTree +-- node-gyp@3.4.0
118 silly currentTree | `-- npmlog@3.1.2
118 silly currentTree +-- node-notifier@4.6.1
118 silly currentTree +-- node-sass@3.9.3
118 silly currentTree | `-- lodash.clonedeep@4.5.0
118 silly currentTree +-- node-uuid@1.4.7
118 silly currentTree +-- node.extend@1.1.6
118 silly currentTree +-- nopt@3.0.6
118 silly currentTree +-- normalize-package-data@2.3.5
118 silly currentTree +-- normalize-path@2.0.1
118 silly currentTree +-- normalize-range@0.1.2
118 silly currentTree +-- notifyjs@2.0.3
118 silly currentTree +-- nouislider@8.5.1
118 silly currentTree +-- npmlog@4.0.0
118 silly currentTree +-- num2fraction@1.2.2
118 silly currentTree +-- number-is-nan@1.0.0
118 silly currentTree +-- oauth-sign@0.8.2
118 silly currentTree +-- object-assign@4.1.0
118 silly currentTree +-- object-component@0.0.3
118 silly currentTree +-- object-keys@0.4.0
118 silly currentTree +-- object.omit@2.0.0
118 silly currentTree +-- on-finished@2.3.0
118 silly currentTree +-- once@1.4.0
118 silly currentTree +-- optionator@0.8.1
118 silly currentTree | `-- wordwrap@1.0.0
118 silly currentTree +-- options@0.0.6
118 silly currentTree +-- orchestrator@0.3.7
118 silly currentTree | +-- end-of-stream@0.1.5
118 silly currentTree | `-- once@1.3.3
118 silly currentTree +-- ordered-read-streams@0.1.0
118 silly currentTree +-- os-browserify@0.1.2
118 silly currentTree +-- os-homedir@1.0.1
118 silly currentTree +-- os-locale@1.4.0
118 silly currentTree +-- os-tmpdir@1.0.1
118 silly currentTree +-- osenv@0.1.3
118 silly currentTree +-- outpipe@1.1.1
118 silly currentTree +-- pako@0.2.9
118 silly currentTree +-- parents@1.0.1
118 silly currentTree +-- parse-asn1@5.0.0
118 silly currentTree +-- parse-filepath@1.0.1
118 silly currentTree +-- parse-glob@3.0.4
118 silly currentTree +-- parse-json@2.2.0
118 silly currentTree +-- parsejson@0.0.1
118 silly currentTree +-- parseqs@0.0.2
118 silly currentTree +-- parseuri@0.0.4
118 silly currentTree +-- parseurl@1.3.1
118 silly currentTree +-- partialify@3.1.6
118 silly currentTree +-- path-array@1.0.1
118 silly currentTree +-- path-browserify@0.0.0
118 silly currentTree +-- path-exists@2.1.0
118 silly currentTree +-- path-is-absolute@1.0.0
118 silly currentTree +-- path-is-inside@1.0.1
118 silly currentTree +-- path-platform@0.11.15
118 silly currentTree +-- path-root-regex@0.1.2
118 silly currentTree +-- path-root@0.1.1
118 silly currentTree +-- path-to-regexp@0.1.7
118 silly currentTree +-- path-type@1.1.0
118 silly currentTree +-- path@0.12.7
118 silly currentTree +-- pbkdf2@3.0.4
118 silly currentTree +-- pify@2.3.0
118 silly currentTree +-- pinkie-promise@2.0.1
118 silly currentTree +-- pinkie@2.0.4
118 silly currentTree +-- postcss-value-parser@3.3.0
118 silly currentTree +-- postcss@5.2.0
118 silly currentTree | +-- source-map@0.5.6
118 silly currentTree | `-- supports-color@3.1.2
118 silly currentTree +-- prelude-ls@1.1.2
118 silly currentTree +-- preserve@0.2.0
118 silly currentTree +-- pretty-hrtime@1.0.2
118 silly currentTree +-- private@0.1.6
118 silly currentTree +-- process-nextick-args@1.0.7
118 silly currentTree +-- process@0.11.9
118 silly currentTree +-- promise@7.1.1
118 silly currentTree +-- proxy-addr@1.1.2
118 silly currentTree +-- prr@0.0.0
118 silly currentTree +-- pseudomap@1.0.2
118 silly currentTree +-- public-encrypt@4.0.0
118 silly currentTree +-- punycode@1.4.1
118 silly currentTree +-- q@1.4.1
118 silly currentTree +-- qs@6.2.0
118 silly currentTree +-- querystring-es3@0.2.1
118 silly currentTree +-- querystring@0.2.0
118 silly currentTree +-- randomatic@1.1.5
118 silly currentTree +-- randombytes@2.0.3
118 silly currentTree +-- range-parser@1.2.0
118 silly currentTree +-- read-only-stream@2.0.0
118 silly currentTree +-- read-pkg-up@1.0.1
118 silly currentTree +-- read-pkg@1.1.0
118 silly currentTree +-- readable-stream@2.0.6
118 silly currentTree | `-- isarray@1.0.0
118 silly currentTree +-- readdirp@2.1.0
118 silly currentTree +-- rechoir@0.6.2
118 silly currentTree +-- redent@1.0.0
118 silly currentTree +-- redeyed@1.0.0
118 silly currentTree +-- regenerate@1.3.1
118 silly currentTree +-- regenerator-runtime@0.9.5
118 silly currentTree +-- regex-cache@0.4.3
118 silly currentTree +-- regexpu-core@2.0.0
118 silly currentTree +-- regjsgen@0.2.0
118 silly currentTree +-- regjsparser@0.1.5
118 silly currentTree +-- repeat-element@1.1.2
118 silly currentTree +-- repeat-string@1.5.4
118 silly currentTree +-- repeating@2.0.1
118 silly currentTree +-- replace-ext@0.0.1
118 silly currentTree +-- request@2.74.0
118 silly currentTree | +-- mime-db@1.23.0
118 silly currentTree | `-- mime-types@2.1.11
118 silly currentTree +-- require-dir@0.3.0
118 silly currentTree +-- require-directory@2.1.1
118 silly currentTree +-- require-main-filename@1.0.1
118 silly currentTree +-- resolve-dir@0.1.1
118 silly currentTree +-- resolve@1.1.7
118 silly currentTree +-- rev-hash@1.0.0
118 silly currentTree +-- rev-path@1.0.0
118 silly currentTree +-- right-align@0.1.3
118 silly currentTree +-- rimraf@2.5.4
118 silly currentTree +-- ripemd160@1.0.1
118 silly currentTree +-- run-sequence@1.2.2
118 silly currentTree +-- sass-graph@2.1.2
118 silly currentTree | +-- cliui@3.2.0
118 silly currentTree | +-- window-size@0.2.0
118 silly currentTree | `-- yargs@4.8.1
118 silly currentTree +-- semver@5.3.0
118 silly currentTree +-- send@0.14.1
118 silly currentTree +-- sequencify@0.0.7
118 silly currentTree +-- serve-static@1.11.1
118 silly currentTree +-- set-blocking@2.0.0
118 silly currentTree +-- set-immediate-shim@1.0.1
118 silly currentTree +-- setprototypeof@1.0.1
118 silly currentTree +-- sha.js@2.4.5
118 silly currentTree +-- shasum@1.0.2
118 silly currentTree +-- shebang-regex@1.0.0
118 silly currentTree +-- shell-quote@1.6.1
118 silly currentTree +-- shellwords@0.1.0
118 silly currentTree +-- sigmund@1.0.1
118 silly currentTree +-- signal-exit@3.0.0
118 silly currentTree +-- slash@1.0.0
118 silly currentTree +-- sntp@1.0.9
118 silly currentTree +-- socket.io-adapter@0.4.0
118 silly currentTree | `-- socket.io-parser@2.2.2
118 silly currentTree |   `-- debug@0.7.4
118 silly currentTree +-- socket.io-client@1.4.8
118 silly currentTree | `-- component-emitter@1.2.0
118 silly currentTree +-- socket.io-parser@2.2.6
118 silly currentTree | `-- json3@3.3.2
118 silly currentTree +-- socket.io@1.4.8
118 silly currentTree +-- sort-keys@1.1.2
118 silly currentTree +-- source-map-support@0.2.10
118 silly currentTree | `-- source-map@0.1.32
118 silly currentTree +-- source-map@0.4.4
118 silly currentTree +-- sparkles@1.0.0
118 silly currentTree +-- spdx-correct@1.0.2
118 silly currentTree +-- spdx-expression-parse@1.0.3
118 silly currentTree +-- spdx-license-ids@1.2.2
118 silly currentTree +-- sshpk@1.9.2
118 silly currentTree | `-- assert-plus@1.0.0
118 silly currentTree +-- statuses@1.3.0
118 silly currentTree +-- stream-array@1.1.2
118 silly currentTree | +-- isarray@1.0.0
118 silly currentTree | `-- readable-stream@2.1.5
118 silly currentTree +-- stream-browserify@2.0.1
118 silly currentTree +-- stream-combiner2@1.1.1
118 silly currentTree | `-- duplexer2@0.1.4
118 silly currentTree +-- stream-consume@0.1.0
118 silly currentTree +-- stream-exhaust@1.0.1
118 silly currentTree +-- stream-http@2.3.1
118 silly currentTree | +-- isarray@1.0.0
118 silly currentTree | `-- readable-stream@2.1.5
118 silly currentTree +-- stream-shift@1.0.0
118 silly currentTree +-- stream-splicer@2.0.0
118 silly currentTree +-- string_decoder@0.10.31
118 silly currentTree +-- string-to-js@0.0.1
118 silly currentTree +-- string-width@1.0.2
118 silly currentTree +-- string.prototype.codepointat@0.2.0
118 silly currentTree +-- stringstream@0.0.5
118 silly currentTree +-- strip-ansi@3.0.1
118 silly currentTree +-- strip-bom-stream@1.0.0
118 silly currentTree +-- strip-bom@2.0.0
118 silly currentTree +-- strip-indent@1.0.1
118 silly currentTree +-- subarg@1.0.0
118 silly currentTree +-- supports-color@2.0.0
118 silly currentTree +-- sweetalert@1.1.3
118 silly currentTree +-- syntax-error@1.1.6
118 silly currentTree | `-- acorn@2.7.0
118 silly currentTree +-- tar@2.2.1
118 silly currentTree +-- ternary-stream@2.0.0
118 silly currentTree +-- through@2.3.8
118 silly currentTree +-- through2@2.0.1
118 silly currentTree +-- tildify@1.2.0
118 silly currentTree +-- time-stamp@1.0.1
118 silly currentTree +-- timers-browserify@1.4.2
118 silly currentTree +-- to-array@0.1.4
118 silly currentTree +-- to-arraybuffer@1.0.1
118 silly currentTree +-- to-fast-properties@1.0.2
118 silly currentTree +-- tough-cookie@2.3.1
118 silly currentTree +-- trim-newlines@1.0.0
118 silly currentTree +-- tty-browserify@0.0.0
118 silly currentTree +-- tunnel-agent@0.4.3
118 silly currentTree +-- tweetnacl@0.13.3
118 silly currentTree +-- type-check@0.3.2
118 silly currentTree +-- type-detect@1.0.0
118 silly currentTree +-- type-is@1.6.13
118 silly currentTree | +-- mime-db@1.23.0
118 silly currentTree | `-- mime-types@2.1.11
118 silly currentTree +-- typedarray@0.0.6
118 silly currentTree +-- uglify-js@2.7.3
118 silly currentTree | +-- async@0.2.10
118 silly currentTree | `-- source-map@0.5.6
118 silly currentTree +-- uglify-save-license@0.4.1
118 silly currentTree +-- uglify-to-browserify@1.0.2
118 silly currentTree +-- ultron@1.0.2
118 silly currentTree +-- umd@3.0.1
118 silly currentTree +-- unc-path-regex@0.1.2
118 silly currentTree +-- underscore@1.8.3
118 silly currentTree +-- unique-stream@1.0.0
118 silly currentTree +-- unpipe@1.0.0
118 silly currentTree +-- url@0.11.0
118 silly currentTree | `-- punycode@1.3.2
118 silly currentTree +-- user-home@1.1.1
118 silly currentTree +-- utf8@2.1.0
118 silly currentTree +-- util-deprecate@1.0.2
118 silly currentTree +-- util@0.10.3
118 silly currentTree +-- utils-merge@1.0.0
118 silly currentTree +-- v8flags@2.0.11
118 silly currentTree +-- validate-npm-package-license@3.0.1
118 silly currentTree +-- vary@1.1.0
118 silly currentTree +-- verror@1.3.6
118 silly currentTree +-- vinyl-buffer@1.0.0
118 silly currentTree | +-- bl@0.9.5
118 silly currentTree | +-- readable-stream@1.0.34
118 silly currentTree | `-- through2@0.6.5
118 silly currentTree +-- vinyl-file@1.3.0
118 silly currentTree | `-- vinyl@1.2.0
118 silly currentTree +-- vinyl-fs@0.3.14
118 silly currentTree | +-- clone@0.2.0
118 silly currentTree | +-- graceful-fs@3.0.11
118 silly currentTree | +-- readable-stream@1.0.34
118 silly currentTree | +-- strip-bom@1.0.0
118 silly currentTree | +-- through2@0.6.5
118 silly currentTree | `-- vinyl@0.4.6
118 silly currentTree +-- vinyl-map@1.0.1
118 silly currentTree | +-- bl@0.7.0
118 silly currentTree | +-- readable-stream@1.0.34
118 silly currentTree | +-- through2@0.4.2
118 silly currentTree | `-- xtend@2.1.2
118 silly currentTree +-- vinyl-source-stream@1.1.0
118 silly currentTree | +-- clone@0.2.0
118 silly currentTree | +-- readable-stream@1.0.34
118 silly currentTree | +-- through2@0.6.5
118 silly currentTree | `-- vinyl@0.4.6
118 silly currentTree +-- vinyl-sourcemaps-apply@0.2.1
118 silly currentTree | `-- source-map@0.5.6
118 silly currentTree +-- vinyl@0.5.3
118 silly currentTree +-- vm-browserify@0.0.4
118 silly currentTree +-- watchify@3.7.0
118 silly currentTree +-- when@3.7.7
118 silly currentTree +-- which-module@1.0.0
118 silly currentTree +-- which@1.2.11
118 silly currentTree +-- wide-align@1.1.0
118 silly currentTree +-- window-size@0.1.0
118 silly currentTree +-- wordwrap@0.0.2
118 silly currentTree +-- wrap-ansi@2.0.0
118 silly currentTree +-- wrappy@1.0.2
118 silly currentTree +-- ws@1.1.0
118 silly currentTree +-- xmlhttprequest-ssl@1.5.1
118 silly currentTree +-- xtend@4.0.1
118 silly currentTree +-- y18n@3.2.1
118 silly currentTree +-- yallist@2.0.0
118 silly currentTree +-- yargs-parser@2.4.1
118 silly currentTree | `-- camelcase@3.0.0
118 silly currentTree +-- yargs@3.10.0
118 silly currentTree | `-- camelcase@1.2.1
118 silly currentTree `-- yeast@0.1.2
119 silly idealTree chess@1.0.0
119 silly idealTree +-- abbrev@1.0.9
119 silly idealTree +-- accepts@1.1.4
119 silly idealTree +-- accord@0.23.0
119 silly idealTree | +-- glob@7.0.3
119 silly idealTree | `-- lodash@4.11.2
119 silly idealTree +-- acorn@1.2.2
119 silly idealTree +-- after@0.8.1
119 silly idealTree +-- align-text@0.1.4
119 silly idealTree +-- amdefine@1.0.0
119 silly idealTree +-- ansi-regex@2.0.0
119 silly idealTree +-- ansi-styles@2.2.1
119 silly idealTree +-- ansicolors@0.2.1
119 silly idealTree +-- anymatch@1.3.0
119 silly idealTree +-- aproba@1.0.4
119 silly idealTree +-- archy@1.0.0
119 silly idealTree +-- are-we-there-yet@1.1.2
119 silly idealTree +-- arr-diff@2.0.0
119 silly idealTree +-- arr-flatten@1.0.1
119 silly idealTree +-- array-differ@1.0.0
119 silly idealTree +-- array-filter@0.0.1
119 silly idealTree +-- array-find-index@1.0.1
119 silly idealTree +-- array-flatten@1.1.1
119 silly idealTree +-- array-index@1.0.0
119 silly idealTree +-- array-map@0.0.0
119 silly idealTree +-- array-reduce@0.0.0
119 silly idealTree +-- array-union@1.0.2
119 silly idealTree +-- array-uniq@1.0.3
119 silly idealTree +-- array-unique@0.2.1
119 silly idealTree +-- arraybuffer.slice@0.0.6
119 silly idealTree +-- arrify@1.0.1
119 silly idealTree +-- asap@2.0.4
119 silly idealTree +-- asn1.js@4.8.0
119 silly idealTree +-- asn1@0.2.3
119 silly idealTree +-- assert-plus@0.2.0
119 silly idealTree +-- assert@1.3.0
119 silly idealTree +-- assertion-error@1.0.2
119 silly idealTree +-- astw@2.0.0
119 silly idealTree +-- async-done@1.2.2
119 silly idealTree +-- async-each@1.0.1
119 silly idealTree +-- async-foreach@0.1.3
119 silly idealTree +-- async@1.5.2
119 silly idealTree +-- autoprefixer@6.4.1
119 silly idealTree +-- aws-sign2@0.6.0
119 silly idealTree +-- aws4@1.4.1
119 silly idealTree +-- babel-code-frame@6.11.0
119 silly idealTree +-- babel-core@6.14.0
119 silly idealTree | +-- path-exists@1.0.0
119 silly idealTree | `-- source-map@0.5.6
119 silly idealTree +-- babel-generator@6.14.0
119 silly idealTree | `-- source-map@0.5.6
119 silly idealTree +-- babel-helper-builder-react-jsx@6.9.0
119 silly idealTree +-- babel-helper-call-delegate@6.8.0
119 silly idealTree +-- babel-helper-define-map@6.9.0
119 silly idealTree +-- babel-helper-function-name@6.8.0
119 silly idealTree +-- babel-helper-get-function-arity@6.8.0
119 silly idealTree +-- babel-helper-hoist-variables@6.8.0
119 silly idealTree +-- babel-helper-optimise-call-expression@6.8.0
119 silly idealTree +-- babel-helper-regex@6.9.0
119 silly idealTree +-- babel-helper-replace-supers@6.14.0
119 silly idealTree +-- babel-helpers@6.8.0
119 silly idealTree +-- babel-messages@6.8.0
119 silly idealTree +-- babel-plugin-check-es2015-constants@6.8.0
119 silly idealTree +-- babel-plugin-syntax-async-functions@6.13.0
119 silly idealTree +-- babel-plugin-syntax-flow@6.13.0
119 silly idealTree +-- babel-plugin-syntax-jsx@6.13.0
119 silly idealTree +-- babel-plugin-transform-es2015-arrow-functions@6.8.0
119 silly idealTree +-- babel-plugin-transform-es2015-block-scoped-functions@6.8.0
119 silly idealTree +-- babel-plugin-transform-es2015-block-scoping@6.15.0
119 silly idealTree +-- babel-plugin-transform-es2015-classes@6.14.0
119 silly idealTree +-- babel-plugin-transform-es2015-computed-properties@6.8.0
119 silly idealTree +-- babel-plugin-transform-es2015-destructuring@6.9.0
119 silly idealTree +-- babel-plugin-transform-es2015-duplicate-keys@6.8.0
119 silly idealTree +-- babel-plugin-transform-es2015-for-of@6.8.0
119 silly idealTree +-- babel-plugin-transform-es2015-function-name@6.9.0
119 silly idealTree +-- babel-plugin-transform-es2015-literals@6.8.0
119 silly idealTree +-- babel-plugin-transform-es2015-modules-amd@6.8.0
119 silly idealTree +-- babel-plugin-transform-es2015-modules-commonjs@6.14.0
119 silly idealTree +-- babel-plugin-transform-es2015-modules-systemjs@6.14.0
119 silly idealTree +-- babel-plugin-transform-es2015-modules-umd@6.12.0
119 silly idealTree +-- babel-plugin-transform-es2015-object-super@6.8.0
119 silly idealTree +-- babel-plugin-transform-es2015-parameters@6.11.4
119 silly idealTree +-- babel-plugin-transform-es2015-shorthand-properties@6.8.0
119 silly idealTree +-- babel-plugin-transform-es2015-spread@6.8.0
119 silly idealTree +-- babel-plugin-transform-es2015-sticky-regex@6.8.0
119 silly idealTree +-- babel-plugin-transform-es2015-template-literals@6.8.0
119 silly idealTree +-- babel-plugin-transform-es2015-typeof-symbol@6.8.0
119 silly idealTree +-- babel-plugin-transform-es2015-unicode-regex@6.11.0
119 silly idealTree +-- babel-plugin-transform-flow-strip-types@6.14.0
119 silly idealTree +-- babel-plugin-transform-react-display-name@6.8.0
119 silly idealTree +-- babel-plugin-transform-react-jsx-self@6.11.0
119 silly idealTree +-- babel-plugin-transform-react-jsx-source@6.9.0
119 silly idealTree +-- babel-plugin-transform-react-jsx@6.8.0
119 silly idealTree +-- babel-plugin-transform-regenerator@6.14.0
119 silly idealTree +-- babel-plugin-transform-strict-mode@6.11.3
119 silly idealTree +-- babel-preset-es2015@6.14.0
119 silly idealTree +-- babel-preset-react@6.11.1
119 silly idealTree +-- babel-register@6.14.0
119 silly idealTree | `-- path-exists@1.0.0
119 silly idealTree +-- babel-runtime@6.11.6
119 silly idealTree +-- babel-template@6.15.0
119 silly idealTree +-- babel-traverse@6.15.0
119 silly idealTree +-- babel-types@6.15.0
119 silly idealTree +-- babelify@7.3.0
119 silly idealTree +-- babylon@6.9.1
119 silly idealTree +-- backo2@1.0.2
119 silly idealTree +-- balanced-match@0.4.2
119 silly idealTree +-- base64-arraybuffer@0.1.2
119 silly idealTree +-- base64-js@1.1.2
119 silly idealTree +-- base64id@0.1.0
119 silly idealTree +-- beeper@1.1.0
119 silly idealTree +-- benchmark@1.0.0
119 silly idealTree +-- better-assert@1.0.2
119 silly idealTree +-- binary-extensions@1.6.0
119 silly idealTree +-- bindings@1.2.1
119 silly idealTree +-- bl@1.1.2
119 silly idealTree +-- blob@0.0.4
119 silly idealTree +-- block-stream@0.0.9
119 silly idealTree +-- bn.js@4.11.6
119 silly idealTree +-- boom@2.10.1
119 silly idealTree +-- bootstrap-material-design@0.5.10
119 silly idealTree +-- bootstrap-sass@3.3.7
119 silly idealTree +-- bootstrap@3.3.7
119 silly idealTree +-- brace-expansion@1.1.6
119 silly idealTree +-- braces@1.8.5
119 silly idealTree +-- brorand@1.0.5
119 silly idealTree +-- browser-pack@6.0.1
119 silly idealTree +-- browser-resolve@1.11.2
119 silly idealTree +-- browser-stdout@1.3.0
119 silly idealTree +-- browserify-aes@1.0.6
119 silly idealTree +-- browserify-cipher@1.0.0
119 silly idealTree +-- browserify-des@1.0.0
119 silly idealTree +-- browserify-rsa@4.0.1
119 silly idealTree +-- browserify-sign@4.0.0
119 silly idealTree +-- browserify-zlib@0.1.4
119 silly idealTree +-- browserify@13.1.0
119 silly idealTree | +-- duplexer2@0.1.4
119 silly idealTree | `-- glob@5.0.15
119 silly idealTree +-- browserslist@1.3.6
119 silly idealTree +-- buffer-shims@1.0.0
119 silly idealTree +-- buffer-xor@1.0.3
119 silly idealTree +-- buffer@4.9.1
119 silly idealTree | `-- isarray@1.0.0
119 silly idealTree +-- bufferutil@1.2.1
119 silly idealTree +-- builtin-modules@1.1.1
119 silly idealTree +-- builtin-status-codes@2.0.0
119 silly idealTree +-- callsite@1.0.0
119 silly idealTree +-- camelcase-keys@2.1.0
119 silly idealTree +-- camelcase@2.1.1
119 silly idealTree +-- caniuse-db@1.0.30000528
119 silly idealTree +-- cardinal@1.0.0
119 silly idealTree +-- caseless@0.11.0
119 silly idealTree +-- center-align@0.1.3
119 silly idealTree +-- chai@3.5.0
119 silly idealTree +-- chalk@1.1.3
119 silly idealTree +-- chess.js@0.10.2
119 silly idealTree +-- chessboardjs@0.0.1
119 silly idealTree +-- chokidar@1.6.0
119 silly idealTree +-- cipher-base@1.0.2
119 silly idealTree +-- clean-css@3.4.19
119 silly idealTree | `-- commander@2.8.1
119 silly idealTree +-- cli-table@0.3.1
119 silly idealTree +-- cli-usage@0.1.3
119 silly idealTree +-- cliui@2.1.0
119 silly idealTree +-- clone-stats@0.0.1
119 silly idealTree +-- clone@1.0.2
119 silly idealTree +-- code-point-at@1.0.0
119 silly idealTree +-- colors@1.0.3
119 silly idealTree +-- combine-source-map@0.7.2
119 silly idealTree | +-- convert-source-map@1.1.3
119 silly idealTree | `-- source-map@0.5.6
119 silly idealTree +-- combined-stream@1.0.5
119 silly idealTree +-- commander@2.9.0
119 silly idealTree +-- component-bind@1.0.0
119 silly idealTree +-- component-emitter@1.1.2
119 silly idealTree +-- component-inherit@0.0.3
119 silly idealTree +-- concat-map@0.0.1
119 silly idealTree +-- concat-stream@1.5.2
119 silly idealTree +-- concat-with-sourcemaps@1.0.4
119 silly idealTree | `-- source-map@0.5.6
119 silly idealTree +-- console-browserify@1.1.0
119 silly idealTree +-- console-control-strings@1.1.0
119 silly idealTree +-- constants-browserify@1.0.0
119 silly idealTree +-- content-disposition@0.5.1
119 silly idealTree +-- content-type@1.0.2
119 silly idealTree +-- convert-source-map@1.3.0
119 silly idealTree +-- cookie-signature@1.0.6
119 silly idealTree +-- cookie@0.3.1
119 silly idealTree +-- core-js@2.4.1
119 silly idealTree +-- core-util-is@1.0.2
119 silly idealTree +-- create-ecdh@4.0.0
119 silly idealTree +-- create-hash@1.1.2
119 silly idealTree +-- create-hmac@1.1.4
119 silly idealTree +-- cross-spawn@3.0.1
119 silly idealTree +-- cryptiles@2.0.5
119 silly idealTree +-- crypto-browserify@3.11.0
119 silly idealTree +-- currently-unhandled@0.4.1
119 silly idealTree +-- d@0.1.1
119 silly idealTree +-- dashdash@1.14.0
119 silly idealTree | `-- assert-plus@1.0.0
119 silly idealTree +-- date-now@0.1.4
119 silly idealTree +-- dateformat@1.0.12
119 silly idealTree +-- deamdify@0.2.0
119 silly idealTree +-- deap@1.0.0
119 silly idealTree +-- debug@2.2.0
119 silly idealTree +-- decamelize@1.2.0
119 silly idealTree +-- deep-eql@0.1.3
119 silly idealTree | `-- type-detect@0.1.1
119 silly idealTree +-- deep-is@0.1.3
119 silly idealTree +-- defaults@1.0.3
119 silly idealTree +-- defined@1.0.0
119 silly idealTree +-- del@2.2.2
119 silly idealTree +-- delayed-stream@1.0.0
119 silly idealTree +-- delegates@1.0.0
119 silly idealTree +-- depd@1.1.0
119 silly idealTree +-- deprecated@0.0.1
119 silly idealTree +-- deps-sort@2.0.0
119 silly idealTree +-- des.js@1.0.0
119 silly idealTree +-- destroy@1.0.4
119 silly idealTree +-- detect-file@0.1.0
119 silly idealTree +-- detect-indent@3.0.1
119 silly idealTree | `-- repeating@1.1.3
119 silly idealTree +-- detective@4.3.1
119 silly idealTree +-- diff@1.4.0
119 silly idealTree +-- diffie-hellman@5.0.2
119 silly idealTree +-- domain-browser@1.1.7
119 silly idealTree +-- duplexer2@0.0.2
119 silly idealTree | `-- readable-stream@1.1.14
119 silly idealTree +-- duplexify@3.4.5
119 silly idealTree | +-- end-of-stream@1.0.0
119 silly idealTree | `-- once@1.3.3
119 silly idealTree +-- ecc-jsbn@0.1.1
119 silly idealTree +-- ee-first@1.1.1
119 silly idealTree +-- elliptic@6.3.1
119 silly idealTree +-- encodeurl@1.0.1
119 silly idealTree +-- end-of-stream@1.1.0
119 silly idealTree | `-- once@1.3.3
119 silly idealTree +-- engine.io-client@1.6.11
119 silly idealTree | `-- ws@1.0.1
119 silly idealTree +-- engine.io-parser@1.2.4
119 silly idealTree | `-- has-binary@0.1.6
119 silly idealTree +-- engine.io@1.6.11
119 silly idealTree +-- errno@0.1.4
119 silly idealTree +-- error-ex@1.3.0
119 silly idealTree +-- es5-ext@0.10.12
119 silly idealTree +-- es6-iterator@2.0.0
119 silly idealTree +-- es6-symbol@3.1.0
119 silly idealTree +-- escape-html@1.0.3
119 silly idealTree +-- escape-string-regexp@1.0.5
119 silly idealTree +-- escodegen@1.8.1
119 silly idealTree | +-- estraverse@1.9.3
119 silly idealTree | `-- source-map@0.2.0
119 silly idealTree +-- esprima@2.7.3
119 silly idealTree +-- estraverse@3.1.0
119 silly idealTree +-- esutils@2.0.2
119 silly idealTree +-- etag@1.7.0
119 silly idealTree +-- events@1.1.1
119 silly idealTree +-- evp_bytestokey@1.0.0
119 silly idealTree +-- expand-brackets@0.1.5
119 silly idealTree +-- expand-range@1.8.2
119 silly idealTree +-- expand-tilde@1.2.2
119 silly idealTree +-- express@4.14.0
119 silly idealTree | +-- accepts@1.3.3
119 silly idealTree | +-- mime-db@1.23.0
119 silly idealTree | +-- mime-types@2.1.11
119 silly idealTree | `-- negotiator@0.6.1
119 silly idealTree +-- extend@3.0.0
119 silly idealTree +-- extglob@0.3.2
119 silly idealTree +-- extsprintf@1.0.2
119 silly idealTree +-- fancy-log@1.2.0
119 silly idealTree +-- fast-levenshtein@1.1.4
119 silly idealTree +-- filename-regex@2.0.0
119 silly idealTree +-- fill-range@2.2.3
119 silly idealTree +-- finalhandler@0.5.0
119 silly idealTree +-- find-index@0.1.1
119 silly idealTree +-- find-up@1.1.2
119 silly idealTree +-- findup-sync@0.4.2
119 silly idealTree +-- fined@1.0.1
119 silly idealTree | `-- lodash.isarray@4.0.0
119 silly idealTree +-- first-chunk-stream@1.0.0
119 silly idealTree +-- flagged-respawn@0.3.2
119 silly idealTree +-- fobject@0.0.4
119 silly idealTree +-- for-in@0.1.5
119 silly idealTree +-- for-own@0.1.4
119 silly idealTree +-- forever-agent@0.6.1
119 silly idealTree +-- fork-stream@0.0.4
119 silly idealTree +-- form-data@1.0.0-rc4
119 silly idealTree | +-- mime-db@1.23.0
119 silly idealTree | `-- mime-types@2.1.11
119 silly idealTree +-- forwarded@0.1.0
119 silly idealTree +-- fresh@0.3.0
119 silly idealTree +-- fs-exists-sync@0.1.0
119 silly idealTree +-- fs.realpath@1.0.0
119 silly idealTree +-- fstream@1.0.10
119 silly idealTree +-- function-bind@1.1.0
119 silly idealTree +-- gauge@2.6.0
119 silly idealTree +-- gaze@1.1.1
119 silly idealTree +-- generate-function@2.0.0
119 silly idealTree +-- generate-object-property@1.2.0
119 silly idealTree +-- get-caller-file@1.0.2
119 silly idealTree +-- get-stdin@4.0.1
119 silly idealTree +-- getpass@0.1.6
119 silly idealTree | `-- assert-plus@1.0.0
119 silly idealTree +-- glob-base@0.3.0
119 silly idealTree +-- glob-parent@2.0.0
119 silly idealTree +-- glob-stream@3.1.18
119 silly idealTree | +-- glob@4.5.3
119 silly idealTree | +-- minimatch@2.0.10
119 silly idealTree | +-- readable-stream@1.0.34
119 silly idealTree | `-- through2@0.6.5
119 silly idealTree +-- glob-watcher@0.0.6
119 silly idealTree | +-- gaze@0.5.2
119 silly idealTree | +-- glob@3.1.21
119 silly idealTree | +-- globule@0.1.0
119 silly idealTree | +-- graceful-fs@1.2.3
119 silly idealTree | +-- inherits@1.0.2
119 silly idealTree | +-- lodash@1.0.2
119 silly idealTree | +-- lru-cache@2.7.3
119 silly idealTree | `-- minimatch@0.2.14
119 silly idealTree +-- glob@7.0.6
119 silly idealTree +-- glob2base@0.0.12
119 silly idealTree +-- global-modules@0.2.3
119 silly idealTree +-- global-prefix@0.1.4
119 silly idealTree +-- globals@8.18.0
119 silly idealTree +-- globby@5.0.0
119 silly idealTree +-- globule@1.0.0
119 silly idealTree | `-- lodash@4.9.0
119 silly idealTree +-- glogg@1.0.0
119 silly idealTree +-- graceful-fs@4.1.6
119 silly idealTree +-- graceful-readlink@1.0.1
119 silly idealTree +-- growl@1.9.2
119 silly idealTree +-- growly@1.3.0
119 silly idealTree +-- gulp-autoprefixer@3.1.1
119 silly idealTree +-- gulp-batch@1.0.5
119 silly idealTree +-- gulp-concat@2.6.0
119 silly idealTree | +-- readable-stream@1.0.34
119 silly idealTree | `-- through2@0.6.5
119 silly idealTree +-- gulp-if@2.0.1
119 silly idealTree +-- gulp-less@3.1.0
119 silly idealTree +-- gulp-load-plugins@1.2.4
119 silly idealTree +-- gulp-match@1.0.2
119 silly idealTree +-- gulp-notify@2.2.0
119 silly idealTree | +-- readable-stream@1.0.34
119 silly idealTree | `-- through2@0.6.5
119 silly idealTree +-- gulp-rename@1.2.2
119 silly idealTree +-- gulp-rev-replace@0.4.3
119 silly idealTree +-- gulp-rev@7.1.2
119 silly idealTree +-- gulp-sass@2.3.2
119 silly idealTree | `-- lodash.clonedeep@4.5.0
119 silly idealTree +-- gulp-shell@0.5.2
119 silly idealTree +-- gulp-sourcemaps@1.6.0
119 silly idealTree | `-- vinyl@1.2.0
119 silly idealTree +-- gulp-uglify@1.5.4
119 silly idealTree | +-- async@0.2.10
119 silly idealTree | +-- source-map@0.5.6
119 silly idealTree | `-- uglify-js@2.6.4
119 silly idealTree +-- gulp-util@3.0.7
119 silly idealTree | `-- object-assign@3.0.0
119 silly idealTree +-- gulp@3.9.1
119 silly idealTree | `-- semver@4.3.6
119 silly idealTree +-- gulplog@1.0.0
119 silly idealTree +-- har-validator@2.0.6
119 silly idealTree +-- has-ansi@2.0.0
119 silly idealTree +-- has-binary@0.1.7
119 silly idealTree +-- has-color@0.1.7
119 silly idealTree +-- has-cors@1.1.0
119 silly idealTree +-- has-flag@1.0.0
119 silly idealTree +-- has-gulplog@0.1.0
119 silly idealTree +-- has-unicode@2.0.1
119 silly idealTree +-- has@1.0.1
119 silly idealTree +-- hash.js@1.0.3
119 silly idealTree +-- hawk@3.1.3
119 silly idealTree +-- hoek@2.16.3
119 silly idealTree +-- home-or-tmp@1.0.0
119 silly idealTree +-- hosted-git-info@2.1.5
119 silly idealTree +-- htmlescape@1.1.1
119 silly idealTree +-- http-errors@1.5.0
119 silly idealTree +-- http-signature@1.1.1
119 silly idealTree +-- https-browserify@0.0.1
119 silly idealTree +-- ieee754@1.1.6
119 silly idealTree +-- image-size@0.5.0
119 silly idealTree +-- in-publish@2.0.0
119 silly idealTree +-- indent-string@2.1.0
119 silly idealTree +-- indexof@0.0.1
119 silly idealTree +-- indx@0.2.3
119 silly idealTree +-- inflight@1.0.5
119 silly idealTree +-- inherits@2.0.1
119 silly idealTree +-- ini@1.3.4
119 silly idealTree +-- inline-source-map@0.6.2
119 silly idealTree | `-- source-map@0.5.6
119 silly idealTree +-- insert-module-globals@7.0.1
119 silly idealTree +-- interpret@1.0.1
119 silly idealTree +-- invariant@2.2.1
119 silly idealTree +-- invert-kv@1.0.0
119 silly idealTree +-- ipaddr.js@1.1.1
119 silly idealTree +-- is-absolute@0.2.5
119 silly idealTree | `-- is-windows@0.1.1
119 silly idealTree +-- is-arrayish@0.2.1
119 silly idealTree +-- is-binary-path@1.0.1
119 silly idealTree +-- is-buffer@1.1.4
119 silly idealTree +-- is-builtin-module@1.0.0
119 silly idealTree +-- is-dotfile@1.0.2
119 silly idealTree +-- is-equal-shallow@0.1.3
119 silly idealTree +-- is-extendable@0.1.1
119 silly idealTree +-- is-extglob@1.0.0
119 silly idealTree +-- is-finite@1.0.1
119 silly idealTree +-- is-fullwidth-code-point@1.0.0
119 silly idealTree +-- is-glob@2.0.1
119 silly idealTree +-- is-my-json-valid@2.13.1
119 silly idealTree +-- is-number@2.1.0
119 silly idealTree +-- is-path-cwd@1.0.0
119 silly idealTree +-- is-path-in-cwd@1.0.0
119 silly idealTree +-- is-path-inside@1.0.0
119 silly idealTree +-- is-plain-obj@1.1.0
119 silly idealTree +-- is-posix-bracket@0.1.1
119 silly idealTree +-- is-primitive@2.0.0
119 silly idealTree +-- is-property@1.0.2
119 silly idealTree +-- is-relative@0.2.1
119 silly idealTree +-- is-typedarray@1.0.0
119 silly idealTree +-- is-unc-path@0.1.1
119 silly idealTree +-- is-utf8@0.2.1
119 silly idealTree +-- is-windows@0.2.0
119 silly idealTree +-- is@3.1.0
119 silly idealTree +-- isarray@0.0.1
119 silly idealTree +-- isexe@1.1.2
119 silly idealTree +-- isobject@2.1.0
119 silly idealTree | `-- isarray@1.0.0
119 silly idealTree +-- isstream@0.1.2
119 silly idealTree +-- jodid25519@1.0.2
119 silly idealTree +-- jquery-ui-dist@1.12.0
119 silly idealTree +-- jquery.cookie@1.4.1
119 silly idealTree +-- jquery.scrollbar@0.2.10
119 silly idealTree +-- jquery@3.1.0
119 silly idealTree +-- js-base64@2.1.9
119 silly idealTree +-- js-tokens@2.0.0
119 silly idealTree +-- jsbn@0.1.0
119 silly idealTree +-- jsesc@0.5.0
119 silly idealTree +-- json-schema@0.2.2
119 silly idealTree +-- json-stable-stringify@0.0.1
119 silly idealTree +-- json-stringify-safe@5.0.1
119 silly idealTree +-- json3@3.2.6
119 silly idealTree +-- json5@0.4.0
119 silly idealTree +-- jsonify@0.0.0
119 silly idealTree +-- jsonparse@1.2.0
119 silly idealTree +-- jsonpointer@2.0.0
119 silly idealTree +-- JSONStream@1.1.4
119 silly idealTree +-- jsprim@1.3.0
119 silly idealTree +-- kind-of@3.0.4
119 silly idealTree +-- labeled-stream-splicer@2.0.0
119 silly idealTree +-- laravel-elixir-browserify-official@0.1.3
119 silly idealTree +-- laravel-elixir@6.0.0-10
119 silly idealTree +-- lazy-cache@1.0.4
119 silly idealTree +-- lcid@1.0.0
119 silly idealTree +-- less@2.7.1
119 silly idealTree | `-- source-map@0.5.6
119 silly idealTree +-- levn@0.3.0
119 silly idealTree +-- lexical-scope@1.2.0
119 silly idealTree +-- liftoff@2.3.0
119 silly idealTree +-- load-json-file@1.1.0
119 silly idealTree +-- lodash._arraycopy@3.0.0
119 silly idealTree +-- lodash._arrayeach@3.0.0
119 silly idealTree +-- lodash._baseassign@3.2.0
119 silly idealTree +-- lodash._baseclone@3.3.0
119 silly idealTree +-- lodash._basecopy@3.0.1
119 silly idealTree +-- lodash._basecreate@3.0.3
119 silly idealTree +-- lodash._basefor@3.0.3
119 silly idealTree +-- lodash._basetostring@3.0.1
119 silly idealTree +-- lodash._basevalues@3.0.0
119 silly idealTree +-- lodash._bindcallback@3.0.1
119 silly idealTree +-- lodash._getnative@3.9.1
119 silly idealTree +-- lodash._isiterateecall@3.0.9
119 silly idealTree +-- lodash._reescape@3.0.0
119 silly idealTree +-- lodash._reevaluate@3.0.0
119 silly idealTree +-- lodash._reinterpolate@3.0.0
119 silly idealTree +-- lodash._root@3.0.1
119 silly idealTree +-- lodash.assign@4.2.0
119 silly idealTree +-- lodash.assignwith@4.2.0
119 silly idealTree +-- lodash.clonedeep@3.0.2
119 silly idealTree +-- lodash.create@3.1.1
119 silly idealTree +-- lodash.escape@3.2.0
119 silly idealTree +-- lodash.isarguments@3.1.0
119 silly idealTree +-- lodash.isarray@3.0.4
119 silly idealTree +-- lodash.isempty@4.4.0
119 silly idealTree +-- lodash.isplainobject@4.0.6
119 silly idealTree +-- lodash.isstring@4.0.1
119 silly idealTree +-- lodash.keys@3.1.2
119 silly idealTree +-- lodash.mapvalues@4.6.0
119 silly idealTree +-- lodash.memoize@3.0.4
119 silly idealTree +-- lodash.pick@4.4.0
119 silly idealTree +-- lodash.restparam@3.6.1
119 silly idealTree +-- lodash.template@3.6.2
119 silly idealTree +-- lodash.templatesettings@3.1.1
119 silly idealTree +-- lodash@4.15.0
119 silly idealTree +-- longest@1.0.1
119 silly idealTree +-- loose-envify@1.2.0
119 silly idealTree | `-- js-tokens@1.0.3
119 silly idealTree +-- loud-rejection@1.6.0
119 silly idealTree +-- lru-cache@4.0.1
119 silly idealTree +-- map-cache@0.2.2
119 silly idealTree +-- map-obj@1.0.1
119 silly idealTree +-- marked-terminal@1.6.2
119 silly idealTree +-- marked@0.3.6
119 silly idealTree +-- media-typer@0.3.0
119 silly idealTree +-- meow@3.7.0
119 silly idealTree +-- merge-descriptors@1.0.1
119 silly idealTree +-- merge-stream@1.0.0
119 silly idealTree +-- methods@1.1.2
119 silly idealTree +-- micromatch@2.3.11
119 silly idealTree +-- miller-rabin@4.0.0
119 silly idealTree +-- mime-db@1.12.0
119 silly idealTree +-- mime-types@2.0.14
119 silly idealTree +-- mime@1.3.4
119 silly idealTree +-- minimalistic-assert@1.0.0
119 silly idealTree +-- minimatch@3.0.3
119 silly idealTree +-- minimist@1.2.0
119 silly idealTree +-- mkdirp@0.5.1
119 silly idealTree | `-- minimist@0.0.8
119 silly idealTree +-- mocha@3.0.2
119 silly idealTree | +-- glob@7.0.5
119 silly idealTree | +-- json3@3.3.2
119 silly idealTree | `-- supports-color@3.1.2
119 silly idealTree +-- modify-filename@1.1.0
119 silly idealTree +-- module-deps@4.0.7
119 silly idealTree | `-- duplexer2@0.1.4
119 silly idealTree +-- ms@0.7.1
119 silly idealTree +-- multipipe@0.1.2
119 silly idealTree +-- nan@2.4.0
119 silly idealTree +-- natives@1.1.0
119 silly idealTree +-- negotiator@0.4.9
119 silly idealTree +-- new-from@0.0.3
119 silly idealTree | `-- readable-stream@1.1.14
119 silly idealTree +-- next-tick@1.0.0
119 silly idealTree +-- node-emoji@1.4.0
119 silly idealTree +-- node-gyp@3.4.0
119 silly idealTree | `-- npmlog@3.1.2
119 silly idealTree +-- node-notifier@4.6.1
119 silly idealTree +-- node-sass@3.9.3
119 silly idealTree | `-- lodash.clonedeep@4.5.0
119 silly idealTree +-- node-uuid@1.4.7
119 silly idealTree +-- node.extend@1.1.6
119 silly idealTree +-- nopt@3.0.6
119 silly idealTree +-- normalize-package-data@2.3.5
119 silly idealTree +-- normalize-path@2.0.1
119 silly idealTree +-- normalize-range@0.1.2
119 silly idealTree +-- notifyjs@2.0.3
119 silly idealTree +-- nouislider@8.5.1
119 silly idealTree +-- npmlog@4.0.0
119 silly idealTree +-- num2fraction@1.2.2
119 silly idealTree +-- number-is-nan@1.0.0
119 silly idealTree +-- oauth-sign@0.8.2
119 silly idealTree +-- object-assign@4.1.0
119 silly idealTree +-- object-component@0.0.3
119 silly idealTree +-- object-keys@0.4.0
119 silly idealTree +-- object.omit@2.0.0
119 silly idealTree +-- on-finished@2.3.0
119 silly idealTree +-- once@1.4.0
119 silly idealTree +-- optionator@0.8.1
119 silly idealTree | `-- wordwrap@1.0.0
119 silly idealTree +-- options@0.0.6
119 silly idealTree +-- orchestrator@0.3.7
119 silly idealTree | +-- end-of-stream@0.1.5
119 silly idealTree | `-- once@1.3.3
119 silly idealTree +-- ordered-read-streams@0.1.0
119 silly idealTree +-- os-browserify@0.1.2
119 silly idealTree +-- os-homedir@1.0.1
119 silly idealTree +-- os-locale@1.4.0
119 silly idealTree +-- os-tmpdir@1.0.1
119 silly idealTree +-- osenv@0.1.3
119 silly idealTree +-- outpipe@1.1.1
119 silly idealTree +-- pako@0.2.9
119 silly idealTree +-- parents@1.0.1
119 silly idealTree +-- parse-asn1@5.0.0
119 silly idealTree +-- parse-filepath@1.0.1
119 silly idealTree +-- parse-glob@3.0.4
119 silly idealTree +-- parse-json@2.2.0
119 silly idealTree +-- parsejson@0.0.1
119 silly idealTree +-- parseqs@0.0.2
119 silly idealTree +-- parseuri@0.0.4
119 silly idealTree +-- parseurl@1.3.1
119 silly idealTree +-- partialify@3.1.6
119 silly idealTree +-- path-array@1.0.1
119 silly idealTree +-- path-browserify@0.0.0
119 silly idealTree +-- path-exists@2.1.0
119 silly idealTree +-- path-is-absolute@1.0.0
119 silly idealTree +-- path-is-inside@1.0.1
119 silly idealTree +-- path-platform@0.11.15
119 silly idealTree +-- path-root-regex@0.1.2
119 silly idealTree +-- path-root@0.1.1
119 silly idealTree +-- path-to-regexp@0.1.7
119 silly idealTree +-- path-type@1.1.0
119 silly idealTree +-- path@0.12.7
119 silly idealTree +-- pbkdf2@3.0.4
119 silly idealTree +-- pify@2.3.0
119 silly idealTree +-- pinkie-promise@2.0.1
119 silly idealTree +-- pinkie@2.0.4
119 silly idealTree +-- postcss-value-parser@3.3.0
119 silly idealTree +-- postcss@5.2.0
119 silly idealTree | +-- source-map@0.5.6
119 silly idealTree | `-- supports-color@3.1.2
119 silly idealTree +-- prelude-ls@1.1.2
119 silly idealTree +-- preserve@0.2.0
119 silly idealTree +-- pretty-hrtime@1.0.2
119 silly idealTree +-- private@0.1.6
119 silly idealTree +-- process-nextick-args@1.0.7
119 silly idealTree +-- process@0.11.9
119 silly idealTree +-- promise@7.1.1
119 silly idealTree +-- proxy-addr@1.1.2
119 silly idealTree +-- prr@0.0.0
119 silly idealTree +-- pseudomap@1.0.2
119 silly idealTree +-- public-encrypt@4.0.0
119 silly idealTree +-- punycode@1.4.1
119 silly idealTree +-- q@1.4.1
119 silly idealTree +-- qs@6.2.0
119 silly idealTree +-- querystring-es3@0.2.1
119 silly idealTree +-- querystring@0.2.0
119 silly idealTree +-- randomatic@1.1.5
119 silly idealTree +-- randombytes@2.0.3
119 silly idealTree +-- range-parser@1.2.0
119 silly idealTree +-- read-only-stream@2.0.0
119 silly idealTree +-- read-pkg-up@1.0.1
119 silly idealTree +-- read-pkg@1.1.0
119 silly idealTree +-- readable-stream@2.0.6
119 silly idealTree | `-- isarray@1.0.0
119 silly idealTree +-- readdirp@2.1.0
119 silly idealTree +-- rechoir@0.6.2
119 silly idealTree +-- redent@1.0.0
119 silly idealTree +-- redeyed@1.0.0
119 silly idealTree +-- regenerate@1.3.1
119 silly idealTree +-- regenerator-runtime@0.9.5
119 silly idealTree +-- regex-cache@0.4.3
119 silly idealTree +-- regexpu-core@2.0.0
119 silly idealTree +-- regjsgen@0.2.0
119 silly idealTree +-- regjsparser@0.1.5
119 silly idealTree +-- repeat-element@1.1.2
119 silly idealTree +-- repeat-string@1.5.4
119 silly idealTree +-- repeating@2.0.1
119 silly idealTree +-- replace-ext@0.0.1
119 silly idealTree +-- request@2.74.0
119 silly idealTree | +-- mime-db@1.23.0
119 silly idealTree | `-- mime-types@2.1.11
119 silly idealTree +-- require-dir@0.3.0
119 silly idealTree +-- require-directory@2.1.1
119 silly idealTree +-- require-main-filename@1.0.1
119 silly idealTree +-- resolve-dir@0.1.1
119 silly idealTree +-- resolve@1.1.7
119 silly idealTree +-- rev-hash@1.0.0
119 silly idealTree +-- rev-path@1.0.0
119 silly idealTree +-- right-align@0.1.3
119 silly idealTree +-- rimraf@2.5.4
119 silly idealTree +-- ripemd160@1.0.1
119 silly idealTree +-- run-sequence@1.2.2
119 silly idealTree +-- sass-graph@2.1.2
119 silly idealTree | +-- cliui@3.2.0
119 silly idealTree | +-- window-size@0.2.0
119 silly idealTree | `-- yargs@4.8.1
119 silly idealTree +-- semver@5.3.0
119 silly idealTree +-- send@0.14.1
119 silly idealTree +-- sequencify@0.0.7
119 silly idealTree +-- serve-static@1.11.1
119 silly idealTree +-- set-blocking@2.0.0
119 silly idealTree +-- set-immediate-shim@1.0.1
119 silly idealTree +-- setprototypeof@1.0.1
119 silly idealTree +-- sha.js@2.4.5
119 silly idealTree +-- shasum@1.0.2
119 silly idealTree +-- shebang-regex@1.0.0
119 silly idealTree +-- shell-quote@1.6.1
119 silly idealTree +-- shellwords@0.1.0
119 silly idealTree +-- sigmund@1.0.1
119 silly idealTree +-- signal-exit@3.0.0
119 silly idealTree +-- slash@1.0.0
119 silly idealTree +-- sntp@1.0.9
119 silly idealTree +-- socket.io-adapter@0.4.0
119 silly idealTree | `-- socket.io-parser@2.2.2
119 silly idealTree |   `-- debug@0.7.4
119 silly idealTree +-- socket.io-client@1.4.8
119 silly idealTree | `-- component-emitter@1.2.0
119 silly idealTree +-- socket.io-parser@2.2.6
119 silly idealTree | `-- json3@3.3.2
119 silly idealTree +-- socket.io@1.4.8
119 silly idealTree +-- sort-keys@1.1.2
119 silly idealTree +-- source-map-support@0.2.10
119 silly idealTree | `-- source-map@0.1.32
119 silly idealTree +-- source-map@0.4.4
119 silly idealTree +-- sparkles@1.0.0
119 silly idealTree +-- spdx-correct@1.0.2
119 silly idealTree +-- spdx-expression-parse@1.0.3
119 silly idealTree +-- spdx-license-ids@1.2.2
119 silly idealTree +-- sshpk@1.9.2
119 silly idealTree | `-- assert-plus@1.0.0
119 silly idealTree +-- statuses@1.3.0
119 silly idealTree +-- stream-array@1.1.2
119 silly idealTree | +-- isarray@1.0.0
119 silly idealTree | `-- readable-stream@2.1.5
119 silly idealTree +-- stream-browserify@2.0.1
119 silly idealTree +-- stream-combiner2@1.1.1
119 silly idealTree | `-- duplexer2@0.1.4
119 silly idealTree +-- stream-consume@0.1.0
119 silly idealTree +-- stream-exhaust@1.0.1
119 silly idealTree +-- stream-http@2.3.1
119 silly idealTree | +-- isarray@1.0.0
119 silly idealTree | `-- readable-stream@2.1.5
119 silly idealTree +-- stream-shift@1.0.0
119 silly idealTree +-- stream-splicer@2.0.0
119 silly idealTree +-- string_decoder@0.10.31
119 silly idealTree +-- string-to-js@0.0.1
119 silly idealTree +-- string-width@1.0.2
119 silly idealTree +-- string.prototype.codepointat@0.2.0
119 silly idealTree +-- stringstream@0.0.5
119 silly idealTree +-- strip-ansi@3.0.1
119 silly idealTree +-- strip-bom-stream@1.0.0
119 silly idealTree +-- strip-bom@2.0.0
119 silly idealTree +-- strip-indent@1.0.1
119 silly idealTree +-- subarg@1.0.0
119 silly idealTree +-- supports-color@2.0.0
119 silly idealTree +-- sweetalert@1.1.3
119 silly idealTree +-- syntax-error@1.1.6
119 silly idealTree | `-- acorn@2.7.0
119 silly idealTree +-- tar@2.2.1
119 silly idealTree +-- ternary-stream@2.0.0
119 silly idealTree +-- through@2.3.8
119 silly idealTree +-- through2@2.0.1
119 silly idealTree +-- tildify@1.2.0
119 silly idealTree +-- time-stamp@1.0.1
119 silly idealTree +-- timers-browserify@1.4.2
119 silly idealTree +-- to-array@0.1.4
119 silly idealTree +-- to-arraybuffer@1.0.1
119 silly idealTree +-- to-fast-properties@1.0.2
119 silly idealTree +-- tough-cookie@2.3.1
119 silly idealTree +-- trim-newlines@1.0.0
119 silly idealTree +-- tty-browserify@0.0.0
119 silly idealTree +-- tunnel-agent@0.4.3
119 silly idealTree +-- tweetnacl@0.13.3
119 silly idealTree +-- type-check@0.3.2
119 silly idealTree +-- type-detect@1.0.0
119 silly idealTree +-- type-is@1.6.13
119 silly idealTree | +-- mime-db@1.23.0
119 silly idealTree | `-- mime-types@2.1.11
119 silly idealTree +-- typedarray@0.0.6
119 silly idealTree +-- uglify-js@2.7.3
119 silly idealTree | +-- async@0.2.10
119 silly idealTree | `-- source-map@0.5.6
119 silly idealTree +-- uglify-save-license@0.4.1
119 silly idealTree +-- uglify-to-browserify@1.0.2
119 silly idealTree +-- ultron@1.0.2
119 silly idealTree +-- umd@3.0.1
119 silly idealTree +-- unc-path-regex@0.1.2
119 silly idealTree +-- underscore@1.8.3
119 silly idealTree +-- unique-stream@1.0.0
119 silly idealTree +-- unpipe@1.0.0
119 silly idealTree +-- url@0.11.0
119 silly idealTree | `-- punycode@1.3.2
119 silly idealTree +-- user-home@1.1.1
119 silly idealTree +-- utf8@2.1.0
119 silly idealTree +-- util-deprecate@1.0.2
119 silly idealTree +-- util@0.10.3
119 silly idealTree +-- utils-merge@1.0.0
119 silly idealTree +-- v8flags@2.0.11
119 silly idealTree +-- validate-npm-package-license@3.0.1
119 silly idealTree +-- vary@1.1.0
119 silly idealTree +-- verror@1.3.6
119 silly idealTree +-- vinyl-buffer@1.0.0
119 silly idealTree | +-- bl@0.9.5
119 silly idealTree | +-- readable-stream@1.0.34
119 silly idealTree | `-- through2@0.6.5
119 silly idealTree +-- vinyl-file@1.3.0
119 silly idealTree | `-- vinyl@1.2.0
119 silly idealTree +-- vinyl-fs@0.3.14
119 silly idealTree | +-- clone@0.2.0
119 silly idealTree | +-- graceful-fs@3.0.11
119 silly idealTree | +-- readable-stream@1.0.34
119 silly idealTree | +-- strip-bom@1.0.0
119 silly idealTree | +-- through2@0.6.5
119 silly idealTree | `-- vinyl@0.4.6
119 silly idealTree +-- vinyl-map@1.0.1
119 silly idealTree | +-- bl@0.7.0
119 silly idealTree | +-- readable-stream@1.0.34
119 silly idealTree | +-- through2@0.4.2
119 silly idealTree | `-- xtend@2.1.2
119 silly idealTree +-- vinyl-source-stream@1.1.0
119 silly idealTree | +-- clone@0.2.0
119 silly idealTree | +-- readable-stream@1.0.34
119 silly idealTree | +-- through2@0.6.5
119 silly idealTree | `-- vinyl@0.4.6
119 silly idealTree +-- vinyl-sourcemaps-apply@0.2.1
119 silly idealTree | `-- source-map@0.5.6
119 silly idealTree +-- vinyl@0.5.3
119 silly idealTree +-- vm-browserify@0.0.4
119 silly idealTree +-- watchify@3.7.0
119 silly idealTree +-- when@3.7.7
119 silly idealTree +-- which-module@1.0.0
119 silly idealTree +-- which@1.2.11
119 silly idealTree +-- wide-align@1.1.0
119 silly idealTree +-- window-size@0.1.0
119 silly idealTree +-- wordwrap@0.0.2
119 silly idealTree +-- wrap-ansi@2.0.0
119 silly idealTree +-- wrappy@1.0.2
119 silly idealTree +-- ws@1.1.0
119 silly idealTree +-- xmlhttprequest-ssl@1.5.1
119 silly idealTree +-- xtend@4.0.1
119 silly idealTree +-- y18n@3.2.1
119 silly idealTree +-- yallist@2.0.0
119 silly idealTree +-- yargs-parser@2.4.1
119 silly idealTree | `-- camelcase@3.0.0
119 silly idealTree +-- yargs@3.10.0
119 silly idealTree | `-- camelcase@1.2.1
119 silly idealTree `-- yeast@0.1.2
120 silly generateActionsToTake Starting
121 silly install generateActionsToTake
122 silly generateActionsToTake Finishing
123 silly diffTrees action count 2
124 silly diffTrees add bindings@1.2.1
125 silly diffTrees add bufferutil@1.2.1
126 silly decomposeActions action count 16
127 silly decomposeActions fetch bindings@1.2.1
128 silly decomposeActions extract bindings@1.2.1
129 silly decomposeActions test bindings@1.2.1
130 silly decomposeActions preinstall bindings@1.2.1
131 silly decomposeActions build bindings@1.2.1
132 silly decomposeActions install bindings@1.2.1
133 silly decomposeActions postinstall bindings@1.2.1
134 silly decomposeActions finalize bindings@1.2.1
135 silly decomposeActions fetch bufferutil@1.2.1
136 silly decomposeActions extract bufferutil@1.2.1
137 silly decomposeActions test bufferutil@1.2.1
138 silly decomposeActions preinstall bufferutil@1.2.1
139 silly decomposeActions build bufferutil@1.2.1
140 silly decomposeActions install bufferutil@1.2.1
141 silly decomposeActions postinstall bufferutil@1.2.1
142 silly decomposeActions finalize bufferutil@1.2.1
143 silly executeActions Starting
144 silly install executeActions
145 silly doSerial global-install 0
146 silly doParallel fetch 2
147 verbose correctMkdir C:\Users\Md Adil\AppData\Roaming\npm-cache\_locks correctMkdir not in flight; initializing
148 verbose lock using C:\Users\Md Adil\AppData\Roaming\npm-cache\_locks\staging-a87a6e4c58bbc8b1.lock for E:\chess\node_modules\.staging
149 silly doParallel extract 2
150 silly extract bindings@1.2.1
151 silly extract bufferutil@1.2.1
152 verbose unbuild node_modules\.staging\bindings-7434357b
153 verbose unbuild node_modules\.staging\bufferutil-637ff659
154 silly gentlyRm E:\chess\node_modules\.staging\bindings-7434357b is being purged from base E:\chess
155 verbose gentlyRm don't care about contents; nuking E:\chess\node_modules\.staging\bindings-7434357b
156 silly gentlyRm E:\chess\node_modules\.staging\bufferutil-637ff659 is being purged from base E:\chess
157 verbose gentlyRm don't care about contents; nuking E:\chess\node_modules\.staging\bufferutil-637ff659
158 verbose tar unpack C:\Users\Md Adil\AppData\Roaming\npm-cache\bindings\1.2.1\package.tgz
159 verbose tar unpacking to E:\chess\node_modules\.staging\bindings-7434357b
160 silly gentlyRm E:\chess\node_modules\.staging\bindings-7434357b is being purged
161 verbose gentlyRm don't care about contents; nuking E:\chess\node_modules\.staging\bindings-7434357b
162 verbose tar unpack C:\Users\Md Adil\AppData\Roaming\npm-cache\bufferutil\1.2.1\package.tgz
163 verbose tar unpacking to E:\chess\node_modules\.staging\bufferutil-637ff659
164 silly gentlyRm E:\chess\node_modules\.staging\bufferutil-637ff659 is being purged
165 verbose gentlyRm don't care about contents; nuking E:\chess\node_modules\.staging\bufferutil-637ff659
166 silly gunzTarPerm modes [ '777', '666' ]
167 silly gunzTarPerm modes [ '777', '666' ]
168 silly gunzTarPerm extractEntry package.json
169 silly gunzTarPerm modified mode [ 'package.json', 420, 438 ]
170 silly gunzTarPerm extractEntry package.json
171 silly gunzTarPerm modified mode [ 'package.json', 420, 438 ]
172 silly gunzTarPerm extractEntry README.md
173 silly gunzTarPerm modified mode [ 'README.md', 420, 438 ]
174 silly gunzTarPerm extractEntry bindings.js
175 silly gunzTarPerm modified mode [ 'bindings.js', 420, 438 ]
176 silly gunzTarPerm extractEntry .npmignore
177 silly gunzTarPerm modified mode [ '.npmignore', 420, 438 ]
178 silly gunzTarPerm extractEntry README.md
179 silly gunzTarPerm modified mode [ 'README.md', 420, 438 ]
180 silly gunzTarPerm extractEntry fallback.js
181 silly gunzTarPerm modified mode [ 'fallback.js', 420, 438 ]
182 silly gunzTarPerm extractEntry index.js
183 silly gunzTarPerm modified mode [ 'index.js', 420, 438 ]
184 silly gunzTarPerm extractEntry .travis.yml
185 silly gunzTarPerm modified mode [ '.travis.yml', 420, 438 ]
186 silly gunzTarPerm extractEntry binding.gyp
187 silly gunzTarPerm modified mode [ 'binding.gyp', 420, 438 ]
188 silly gunzTarPerm extractEntry src/bufferutil.cc
189 silly gunzTarPerm modified mode [ 'src/bufferutil.cc', 420, 438 ]
190 silly gentlyRm E:\chess\node_modules\.staging\bindings-7434357b\node_modules is being purged
191 verbose gentlyRm don't care about contents; nuking E:\chess\node_modules\.staging\bindings-7434357b\node_modules
192 silly gentlyRm E:\chess\node_modules\.staging\bufferutil-637ff659\node_modules is being purged
193 verbose gentlyRm don't care about contents; nuking E:\chess\node_modules\.staging\bufferutil-637ff659\node_modules
194 silly doParallel preinstall 2
195 silly preinstall bindings@1.2.1 E:\chess\node_modules\.staging\bindings-7434357b
196 info lifecycle bindings@1.2.1~preinstall: bindings@1.2.1
197 silly preinstall bufferutil@1.2.1 E:\chess\node_modules\.staging\bufferutil-637ff659
198 info lifecycle bufferutil@1.2.1~preinstall: bufferutil@1.2.1
199 silly lifecycle bindings@1.2.1~preinstall: no script for preinstall, continuing
200 silly lifecycle bufferutil@1.2.1~preinstall: no script for preinstall, continuing
201 silly doReverseSerial remove 0
202 silly doSerial move 0
203 silly doSerial finalize 2
204 silly finalize E:\chess\node_modules\bindings
205 silly finalize E:\chess\node_modules\bufferutil
206 silly doSerial build 2
207 silly build bindings@1.2.1
208 info linkStuff bindings@1.2.1
209 silly linkStuff bindings@1.2.1 has E:\chess\node_modules as its parent node_modules
210 verbose linkBins bindings@1.2.1
211 verbose linkMans bindings@1.2.1
212 silly build bufferutil@1.2.1
213 info linkStuff bufferutil@1.2.1
214 silly linkStuff bufferutil@1.2.1 has E:\chess\node_modules as its parent node_modules
215 verbose linkBins bufferutil@1.2.1
216 verbose linkMans bufferutil@1.2.1
217 silly doSerial global-link 0
218 silly doParallel update-linked 0
219 silly doSerial install 2
220 silly install bindings@1.2.1 E:\chess\node_modules\.staging\bindings-7434357b
221 info lifecycle bindings@1.2.1~install: bindings@1.2.1
222 silly lifecycle bindings@1.2.1~install: no script for install, continuing
223 silly install bufferutil@1.2.1 E:\chess\node_modules\.staging\bufferutil-637ff659
224 info lifecycle bufferutil@1.2.1~install: bufferutil@1.2.1
225 verbose lifecycle bufferutil@1.2.1~install: unsafe-perm in lifecycle true
226 verbose lifecycle bufferutil@1.2.1~install: PATH: C:\Program Files\nodejs\node_modules\npm\bin\node-gyp-bin;E:\chess\node_modules\bufferutil\node_modules\.bin;E:\chess\node_modules\.bin;C:\Program Files\nodejs;C:\cmder\bin;C:\cmder\vendor\conemu-maximus5\ConEmu\Scripts;C:\cmder\vendor\conemu-maximus5;C:\cmder\vendor\conemu-maximus5\ConEmu;C:\ProgramData\Oracle\Java\javapath;C:\Program Files (x86)\NVIDIA Corporation\PhysX\Common;C:\Windows\system32;C:\Windows;C:\Windows\System32\Wbem;C:\Windows\System32\WindowsPowerShell\v1.0\;C:\Program Files\Apache24\bin;C:\Program Files\php-7.0.8;C:\Android\sdk;C:\Android\sdk\platform-tools;C:\Android\sdk\tools;C:\ProgramData\ComposerSetup\bin;C:\Program Files\nodejs\;C:\Program Files\Git\cmd;C:\Program Files (x86)\MySQL\MySQL Fabric 1.5 & MySQL Utilities 1.5\;C:\Program Files (x86)\MySQL\MySQL Fabric 1.5 & MySQL Utilities 1.5\Doctrine extensions for PHP\;C:\Program Files\MySQL\MySQL Server 5.7\bin;C:\Program Files\Microsoft SQL Server\120\Tools\Binn\;C:\Users\Md Adil\AppData\Roaming\Composer\vendor\bin;C:\Program Files\Sublime Text 3;C:\Users\Md Adil\.dnx\bin;C:\Program Files\Microsoft DNX\Dnvm\;C:\Program Files\Microsoft SQL Server\130\Tools\Binn\;C:\Anaconda3;C:\Anaconda3\Scripts;C:\Anaconda3\Library\bin;C:\Program Files\Java\jdk1.8.0_102/bin;C:\bin;C:\Program Files (x86)\sbt\bin;C:\Users\Md Adil\.dnx\bin;C:\Users\Md Adil\AppData\Local\Programs\Python\Launcher\;C:\Users\Md Adil\AppData\Local\scoop\apps\gcc\4.8.1\bin;C:\Users\Md Adil\AppData\Local\scoop\shims;C:\Users\Md Adil\AppData\Roaming\npm;C:\Program Files (x86)\Nmap;C:\Program Files (x86)\Microsoft VS Code\bin;C:\Program Files\Git\usr\bin;C:\Program Files\Git\usr\share\vim\vim74;C:\cmder\
227 verbose lifecycle bufferutil@1.2.1~install: CWD: E:\chess\node_modules\bufferutil
228 silly lifecycle bufferutil@1.2.1~install: Args: [ '/d /s /c', 'node-gyp rebuild' ]
229 silly lifecycle bufferutil@1.2.1~install: Returned: code: 1  signal: null
230 info lifecycle bufferutil@1.2.1~install: Failed to exec install script
231 verbose unlock done using C:\Users\Md Adil\AppData\Roaming\npm-cache\_locks\staging-a87a6e4c58bbc8b1.lock for E:\chess\node_modules\.staging
232 silly rollbackFailedOptional Starting
233 silly rollbackFailedOptional Finishing
234 silly runTopLevelLifecycles Starting
235 silly runTopLevelLifecycles Finishing
236 silly install printInstalled
237 warn optional Skipping failed optional dependency /chokidar/fsevents:
238 warn notsup Not compatible with your operating system or architecture: fsevents@1.0.14
239 warn chess@1.0.0 No description
240 warn chess@1.0.0 No repository field.
241 verbose stack Error: bufferutil@1.2.1 install: `node-gyp rebuild`
241 verbose stack Exit status 1
241 verbose stack     at EventEmitter.<anonymous> (C:\Program Files\nodejs\node_modules\npm\lib\utils\lifecycle.js:242:16)
241 verbose stack     at emitTwo (events.js:106:13)
241 verbose stack     at EventEmitter.emit (events.js:191:7)
241 verbose stack     at ChildProcess.<anonymous> (C:\Program Files\nodejs\node_modules\npm\lib\utils\spawn.js:40:14)
241 verbose stack     at emitTwo (events.js:106:13)
241 verbose stack     at ChildProcess.emit (events.js:191:7)
241 verbose stack     at maybeClose (internal/child_process.js:852:16)
241 verbose stack     at Process.ChildProcess._handle.onexit (internal/child_process.js:215:5)
242 verbose pkgid bufferutil@1.2.1
243 verbose cwd E:\chess
244 error Windows_NT 10.0.10586
245 error argv "C:\\Program Files\\nodejs\\node.exe" "C:\\Program Files\\nodejs\\node_modules\\npm\\bin\\npm-cli.js" "install" "--save" "bufferutil"
246 error node v6.3.0
247 error npm  v3.10.3
248 error code ELIFECYCLE
249 error bufferutil@1.2.1 install: `node-gyp rebuild`
249 error Exit status 1
250 error Failed at the bufferutil@1.2.1 install script 'node-gyp rebuild'.
250 error Make sure you have the latest version of node.js and npm installed.
250 error If you do, this is most likely a problem with the bufferutil package,
250 error not with npm itself.
250 error Tell the author that this fails on your system:
250 error     node-gyp rebuild
250 error You can get information on how to open an issue for this project with:
250 error     npm bugs bufferutil
250 error Or if that isn't available, you can get their info via:
250 error     npm owner ls bufferutil
250 error There is likely additional logging output above.
251 verbose exit [ 1, true ]
